#
# There is insufficient memory for the Java Runtime Environment to continue.
# Native memory allocation (malloc) failed to allocate 1206736 bytes for Chunk::new
# Possible reasons:
#   The system is out of physical RAM or swap space
#   The process is running with CompressedOops enabled, and the Java Heap may be blocking the growth of the native heap
# Possible solutions:
#   Reduce memory load on the system
#   Increase physical memory or swap space
#   Check if swap backing store is full
#   Decrease Java heap size (-Xmx/-Xms)
#   Decrease number of Java threads
#   Decrease Java thread stack sizes (-Xss)
#   Set larger code cache with -XX:ReservedCodeCacheSize=
#   JVM is running with Unscaled Compressed Oops mode in which the Java heap is
#     placed in the first 4GB address space. The Java Heap base address is the
#     maximum limit for the native heap growth. Please use -XX:HeapBaseMinAddress
#     to set the Java Heap base and to place the Java Heap above 4GB virtual address.
# This output file may be truncated or incomplete.
#
#  Out of Memory Error (arena.cpp:189), pid=18404, tid=14692
#
# JRE version: Java(TM) SE Runtime Environment (17.0.12+8) (build 17.0.12+8-LTS-286)
# Java VM: Java HotSpot(TM) 64-Bit Server VM (17.0.12+8-LTS-286, mixed mode, sharing, tiered, compressed oops, compressed class ptrs, g1 gc, windows-amd64)
# No core dump will be written. Minidumps are not enabled by default on client versions of Windows
#

---------------  S U M M A R Y ------------

Command Line: -Xmx1g -XX:+IgnoreUnrecognizedVMOptions --add-modules=jdk.incubator.vector --add-opens=java.base/java.lang=ALL-UNNAMED --add-opens=java.base/java.lang.invoke=ALL-UNNAMED --add-opens=java.base/java.lang.reflect=ALL-UNNAMED --add-opens=java.base/java.io=ALL-UNNAMED --add-opens=java.base/java.net=ALL-UNNAMED --add-opens=java.base/java.nio=ALL-UNNAMED --add-opens=java.base/java.util=ALL-UNNAMED --add-opens=java.base/java.util.concurrent=ALL-UNNAMED --add-opens=java.base/java.util.concurrent.atomic=ALL-UNNAMED --add-opens=java.base/jdk.internal.ref=ALL-UNNAMED --add-opens=java.base/sun.nio.ch=ALL-UNNAMED --add-opens=java.base/sun.nio.cs=ALL-UNNAMED --add-opens=java.base/sun.security.action=ALL-UNNAMED --add-opens=java.base/sun.util.calendar=ALL-UNNAMED --add-opens=java.security.jgss/sun.security.krb5=ALL-UNNAMED -Djdk.reflect.useDirectMethodHandle=false -Dio.netty.tryReflectionSetAccessible=true -Dderby.connection.requireAuthentication=false org.apache.spark.deploy.SparkSubmit --conf spark.jars.packages=org.apache.spark:spark-sql-kafka-0-10_2.13:3.5.1 --conf spark.app.name=KafkaToPostgres --conf spark.jars=C:\Users\Lenovo\Desktop\data platform project\postgresql-42.7.7.jar pyspark-shell

Host: AMD Ryzen 7 5700U with Radeon Graphics         , 16 cores, 5G,  Windows 11 , 64 bit Build 26100 (10.0.26100.4484)
Time: Tue Jul 15 12:22:43 2025 Egypt Summer Time elapsed time: 29.668841 seconds (0d 0h 0m 29s)

---------------  T H R E A D  ---------------

Current thread (0x000001deff98d780):  JavaThread "C2 CompilerThread0" daemon [_thread_in_native, id=14692, stack(0x0000008953e00000,0x0000008953f00000)]


Current CompileTask:
C2:  29669 9508       4       java.lang.invoke.MethodType::makeImpl (109 bytes)

Stack: [0x0000008953e00000,0x0000008953f00000]
Native frames: (J=compiled Java code, j=interpreted, Vv=VM code, C=native code)
V  [jvm.dll+0x67a04a]
V  [jvm.dll+0x7da4ed]
V  [jvm.dll+0x7dbe33]
V  [jvm.dll+0x7dc4a3]
V  [jvm.dll+0x24508f]
V  [jvm.dll+0xab773]
V  [jvm.dll+0xabd3c]
V  [jvm.dll+0x361b9f]
V  [jvm.dll+0x32c431]
V  [jvm.dll+0x32b8ca]
V  [jvm.dll+0x21683f]
V  [jvm.dll+0x215c6f]
V  [jvm.dll+0x1a2960]
V  [jvm.dll+0x22610b]
V  [jvm.dll+0x2242ab]
V  [jvm.dll+0x79075c]
V  [jvm.dll+0x78abea]
V  [jvm.dll+0x678f35]
C  [ucrtbase.dll+0x37b0]
C  [KERNEL32.DLL+0x2e8d7]
C  [ntdll.dll+0x3c34c]


---------------  P R O C E S S  ---------------

Threads class SMR info:
_java_thread_list=0x000001deca5fd850, length=89, elements={
0x000001dee52d90c0, 0x000001deff96fc00, 0x000001deff9706d0, 0x000001deff98ab00,
0x000001deff98b3d0, 0x000001deff98bca0, 0x000001deff98c570, 0x000001deff98d780,
0x000001deff9930c0, 0x000001deff9949e0, 0x000001deff95dfd0, 0x000001deffdee9e0,
0x000001dec92ad050, 0x000001dec895e620, 0x000001dec9425830, 0x000001deffce6d20,
0x000001deffce9ab0, 0x000001deffce7230, 0x000001deffce9090, 0x000001deffce95a0,
0x000001deffce8160, 0x000001deffce7740, 0x000001deffce8670, 0x000001deffce9fc0,
0x000001deffce6810, 0x000001deffce7c50, 0x000001deffce8b80, 0x000001dec8fc44a0,
0x000001dec8fc49b0, 0x000001dec8fc5df0, 0x000001dec8fc4ec0, 0x000001dec8fc6300,
0x000001dec8fc6810, 0x000001dec8fc3a80, 0x000001dec8fc3f90, 0x000001dec8fc53d0,
0x000001dec8fc58e0, 0x000001dec8fc3060, 0x000001dec8fc6d20, 0x000001dec8fc3570,
0x000001dec8fc8670, 0x000001dec8fc9ab0, 0x000001dec8fca4d0, 0x000001dec8fc8b80,
0x000001dec8fc9fc0, 0x000001dec8fc9090, 0x000001dec8fc95a0, 0x000001dec8fca9e0,
0x000001dec8fc7230, 0x000001dec8fc7740, 0x000001dec8fc8160, 0x000001dec8c94530,
0x000001dec8c91cb0, 0x000001dec8c926d0, 0x000001dec8c921c0, 0x000001dec8c94020,
0x000001dec8c93b10, 0x000001dec8c917a0, 0x000001dec8c930f0, 0x000001dec8c93600,
0x000001dec8c972c0, 0x000001dec8c96390, 0x000001dec8c981f0, 0x000001dec8c97ce0,
0x000001dec8c977d0, 0x000001dec8c96db0, 0x000001dec8c968a0, 0x000001dec8c98700,
0x000001dec8c94f50, 0x000001dec8c95460, 0x000001decb5c9030, 0x000001dec7df4950,
0x000001dec7df20d0, 0x000001dec7df25e0, 0x000001deca4ea330, 0x000001deca4ead50,
0x000001deca4ed0c0, 0x000001decc3f95a0, 0x000001decc258770, 0x000001decc3f9090,
0x000001decc259190, 0x000001ded103ca00, 0x000001ded103cf10, 0x000001ded103c4f0,
0x000001ded103d420, 0x000001decc2596a0, 0x000001decc258c80, 0x000001deca3a3c70,
0x000001decc3f8670
}

Java Threads: ( => current thread )
  0x000001dee52d90c0 JavaThread "main" [_thread_in_native, id=16732, stack(0x0000008953100000,0x0000008953200000)]
  0x000001deff96fc00 JavaThread "Reference Handler" daemon [_thread_blocked, id=21000, stack(0x0000008953800000,0x0000008953900000)]
  0x000001deff9706d0 JavaThread "Finalizer" daemon [_thread_blocked, id=12532, stack(0x0000008953900000,0x0000008953a00000)]
  0x000001deff98ab00 JavaThread "Signal Dispatcher" daemon [_thread_blocked, id=3088, stack(0x0000008953a00000,0x0000008953b00000)]
  0x000001deff98b3d0 JavaThread "Attach Listener" daemon [_thread_blocked, id=20992, stack(0x0000008953b00000,0x0000008953c00000)]
  0x000001deff98bca0 JavaThread "Service Thread" daemon [_thread_blocked, id=8652, stack(0x0000008953c00000,0x0000008953d00000)]
  0x000001deff98c570 JavaThread "Monitor Deflation Thread" daemon [_thread_blocked, id=10508, stack(0x0000008953d00000,0x0000008953e00000)]
=>0x000001deff98d780 JavaThread "C2 CompilerThread0" daemon [_thread_in_native, id=14692, stack(0x0000008953e00000,0x0000008953f00000)]
  0x000001deff9930c0 JavaThread "C1 CompilerThread0" daemon [_thread_blocked, id=14832, stack(0x0000008953f00000,0x0000008954000000)]
  0x000001deff9949e0 JavaThread "Sweeper thread" daemon [_thread_blocked, id=17688, stack(0x0000008954000000,0x0000008954100000)]
  0x000001deff95dfd0 JavaThread "Common-Cleaner" daemon [_thread_blocked, id=19280, stack(0x0000008954200000,0x0000008954300000)]
  0x000001deffdee9e0 JavaThread "Notification Thread" daemon [_thread_blocked, id=18412, stack(0x0000008954400000,0x0000008954500000)]
  0x000001dec92ad050 JavaThread "org.apache.hadoop.fs.FileSystem$Statistics$StatisticsDataReferenceCleaner" daemon [_thread_blocked, id=20900, stack(0x0000008955400000,0x0000008955500000)]
  0x000001dec895e620 JavaThread "Thread-2" [_thread_in_native, id=18072, stack(0x0000008955500000,0x0000008955600000)]
  0x000001dec9425830 JavaThread "Thread-3" [_thread_blocked, id=15840, stack(0x0000008955600000,0x0000008955700000)]
  0x000001deffce6d20 JavaThread "Thread-4" [_thread_in_native, id=21368, stack(0x0000008955700000,0x0000008955800000)]
  0x000001deffce9ab0 JavaThread "rpc-boss-3-1" daemon [_thread_in_native, id=9656, stack(0x0000008955800000,0x0000008955900000)]
  0x000001deffce7230 JavaThread "dispatcher-event-loop-0" daemon [_thread_blocked, id=17436, stack(0x0000008955900000,0x0000008955a00000)]
  0x000001deffce9090 JavaThread "dispatcher-event-loop-1" daemon [_thread_blocked, id=8940, stack(0x0000008955a00000,0x0000008955b00000)]
  0x000001deffce95a0 JavaThread "dispatcher-event-loop-2" daemon [_thread_blocked, id=4068, stack(0x0000008955b00000,0x0000008955c00000)]
  0x000001deffce8160 JavaThread "dispatcher-event-loop-3" daemon [_thread_blocked, id=3948, stack(0x0000008955c00000,0x0000008955d00000)]
  0x000001deffce7740 JavaThread "dispatcher-event-loop-4" daemon [_thread_blocked, id=19896, stack(0x0000008955d00000,0x0000008955e00000)]
  0x000001deffce8670 JavaThread "dispatcher-event-loop-5" daemon [_thread_blocked, id=18148, stack(0x0000008955e00000,0x0000008955f00000)]
  0x000001deffce9fc0 JavaThread "dispatcher-event-loop-6" daemon [_thread_blocked, id=12732, stack(0x0000008955f00000,0x0000008956000000)]
  0x000001deffce6810 JavaThread "dispatcher-event-loop-7" daemon [_thread_blocked, id=19884, stack(0x0000008956000000,0x0000008956100000)]
  0x000001deffce7c50 JavaThread "dispatcher-event-loop-8" daemon [_thread_blocked, id=8524, stack(0x0000008956100000,0x0000008956200000)]
  0x000001deffce8b80 JavaThread "dispatcher-event-loop-9" daemon [_thread_blocked, id=6900, stack(0x0000008956200000,0x0000008956300000)]
  0x000001dec8fc44a0 JavaThread "dispatcher-event-loop-10" daemon [_thread_blocked, id=17060, stack(0x0000008956300000,0x0000008956400000)]
  0x000001dec8fc49b0 JavaThread "dispatcher-event-loop-11" daemon [_thread_blocked, id=13552, stack(0x0000008956400000,0x0000008956500000)]
  0x000001dec8fc5df0 JavaThread "dispatcher-event-loop-12" daemon [_thread_blocked, id=1232, stack(0x0000008956500000,0x0000008956600000)]
  0x000001dec8fc4ec0 JavaThread "dispatcher-event-loop-13" daemon [_thread_blocked, id=16720, stack(0x0000008956600000,0x0000008956700000)]
  0x000001dec8fc6300 JavaThread "dispatcher-event-loop-14" daemon [_thread_blocked, id=16316, stack(0x0000008956700000,0x0000008956800000)]
  0x000001dec8fc6810 JavaThread "dispatcher-event-loop-15" daemon [_thread_blocked, id=20160, stack(0x0000008956800000,0x0000008956900000)]
  0x000001dec8fc3a80 JavaThread "map-output-dispatcher-0" daemon [_thread_blocked, id=10876, stack(0x0000008956900000,0x0000008956a00000)]
  0x000001dec8fc3f90 JavaThread "map-output-dispatcher-1" daemon [_thread_blocked, id=10208, stack(0x0000008956a00000,0x0000008956b00000)]
  0x000001dec8fc53d0 JavaThread "map-output-dispatcher-2" daemon [_thread_blocked, id=15628, stack(0x0000008956b00000,0x0000008956c00000)]
  0x000001dec8fc58e0 JavaThread "map-output-dispatcher-3" daemon [_thread_blocked, id=9956, stack(0x0000008956c00000,0x0000008956d00000)]
  0x000001dec8fc3060 JavaThread "map-output-dispatcher-4" daemon [_thread_blocked, id=17752, stack(0x0000008956d00000,0x0000008956e00000)]
  0x000001dec8fc6d20 JavaThread "map-output-dispatcher-5" daemon [_thread_blocked, id=16464, stack(0x0000008956e00000,0x0000008956f00000)]
  0x000001dec8fc3570 JavaThread "map-output-dispatcher-6" daemon [_thread_blocked, id=19780, stack(0x0000008956f00000,0x0000008957000000)]
  0x000001dec8fc8670 JavaThread "map-output-dispatcher-7" daemon [_thread_blocked, id=14880, stack(0x0000008957000000,0x0000008957100000)]
  0x000001dec8fc9ab0 JavaThread "dispatcher-BlockManagerMaster" daemon [_thread_blocked, id=20732, stack(0x0000008957100000,0x0000008957200000)]
  0x000001dec8fca4d0 JavaThread "dispatcher-BlockManagerEndpoint1" daemon [_thread_blocked, id=18244, stack(0x0000008957200000,0x0000008957300000)]
  0x000001dec8fc8b80 JavaThread "RemoteBlock-temp-file-clean-thread" daemon [_thread_blocked, id=20744, stack(0x0000008957300000,0x0000008957400000)]
  0x000001dec8fc9fc0 JavaThread "refresh progress" daemon [_thread_blocked, id=20728, stack(0x0000008957400000,0x0000008957500000)]
  0x000001dec8fc9090 JavaThread "SparkUI-59" daemon [_thread_in_native, id=18872, stack(0x0000008957500000,0x0000008957600000)]
  0x000001dec8fc95a0 JavaThread "SparkUI-60" daemon [_thread_in_native, id=18900, stack(0x0000008957600000,0x0000008957700000)]
  0x000001dec8fca9e0 JavaThread "SparkUI-61" daemon [_thread_in_native, id=18508, stack(0x0000008957700000,0x0000008957800000)]
  0x000001dec8fc7230 JavaThread "SparkUI-62" daemon [_thread_in_native, id=20004, stack(0x0000008957800000,0x0000008957900000)]
  0x000001dec8fc7740 JavaThread "SparkUI-63" daemon [_thread_in_native, id=20976, stack(0x0000008957900000,0x0000008957a00000)]
  0x000001dec8fc8160 JavaThread "SparkUI-64" daemon [_thread_in_native, id=16208, stack(0x0000008957a00000,0x0000008957b00000)]
  0x000001dec8c94530 JavaThread "SparkUI-65" daemon [_thread_in_native, id=17132, stack(0x0000008957b00000,0x0000008957c00000)]
  0x000001dec8c91cb0 JavaThread "SparkUI-66" daemon [_thread_in_native, id=16760, stack(0x0000008957c00000,0x0000008957d00000)]
  0x000001dec8c926d0 JavaThread "SparkUI-67-acceptor-0@74e93f27-ServerConnector@7a2edfca{HTTP/1.1, (http/1.1)}{0.0.0.0:4040}" daemon [_thread_in_native, id=9396, stack(0x0000008957d00000,0x0000008957e00000)]
  0x000001dec8c921c0 JavaThread "SparkUI-68-acceptor-1@7fec5e70-ServerConnector@7a2edfca{HTTP/1.1, (http/1.1)}{0.0.0.0:4040}" daemon [_thread_blocked, id=19944, stack(0x0000008957e00000,0x0000008957f00000)]
  0x000001dec8c94020 JavaThread "dispatcher-HeartbeatReceiver" daemon [_thread_blocked, id=17284, stack(0x0000008957f00000,0x0000008958000000)]
  0x000001dec8c93b10 JavaThread "heartbeat-receiver-event-loop-thread" daemon [_thread_blocked, id=20156, stack(0x0000008958000000,0x0000008958100000)]
  0x000001dec8c917a0 JavaThread "netty-rpc-env-timeout" daemon [_thread_blocked, id=17800, stack(0x0000008958100000,0x0000008958200000)]
  0x000001dec8c930f0 JavaThread "dag-scheduler-event-loop" daemon [_thread_blocked, id=17784, stack(0x0000008958200000,0x0000008958300000)]
  0x000001dec8c93600 JavaThread "driver-heartbeater" daemon [_thread_blocked, id=13368, stack(0x0000008958300000,0x0000008958400000)]
  0x000001dec8c972c0 JavaThread "executor-kill-mark-cleanup" daemon [_thread_blocked, id=21068, stack(0x0000008958400000,0x0000008958500000)]
  0x000001dec8c96390 JavaThread "executor-heartbeater" daemon [_thread_blocked, id=16320, stack(0x0000008958500000,0x0000008958600000)]
  0x000001dec8c981f0 JavaThread "files-client-5-1" daemon [_thread_in_native, id=5972, stack(0x0000008958600000,0x0000008958700000)]
  0x000001dec8c97ce0 JavaThread "rpc-server-4-1" daemon [_thread_in_native, id=13652, stack(0x0000008958800000,0x0000008958900000)]
  0x000001dec8c977d0 JavaThread "shuffle-boss-7-1" daemon [_thread_in_native, id=21040, stack(0x0000008958900000,0x0000008958a00000)]
  0x000001dec8c96db0 JavaThread "Spark Context Cleaner" daemon [_thread_blocked, id=20680, stack(0x0000008958a00000,0x0000008958b00000)]
  0x000001dec8c968a0 JavaThread "context-cleaner-periodic-gc" daemon [_thread_blocked, id=17744, stack(0x0000008958b00000,0x0000008958c00000)]
  0x000001dec8c98700 JavaThread "spark-listener-group-appStatus" daemon [_thread_blocked, id=17256, stack(0x0000008958c00000,0x0000008958d00000)]
  0x000001dec8c94f50 JavaThread "spark-listener-group-executorManagement" daemon [_thread_blocked, id=12296, stack(0x0000008958d00000,0x0000008958e00000)]
  0x000001dec8c95460 JavaThread "element-tracking-store-worker" daemon [_thread_blocked, id=18924, stack(0x0000008958e00000,0x0000008958f00000)]
  0x000001decb5c9030 JavaThread "C1 CompilerThread1" daemon [_thread_blocked, id=20200, stack(0x0000008954100000,0x0000008954200000)]
  0x000001dec7df4950 JavaThread "spark-listener-group-streams" daemon [_thread_blocked, id=17332, stack(0x0000008954300000,0x0000008954400000)]
  0x000001dec7df20d0 JavaThread "ForkJoinPool.commonPool-worker-1" daemon [_thread_blocked, id=18176, stack(0x0000008958f00000,0x0000008959000000)]
  0x000001dec7df25e0 JavaThread "ForkJoinPool.commonPool-worker-2" daemon [_thread_blocked, id=7252, stack(0x0000008959000000,0x0000008959100000)]
  0x000001deca4ea330 JavaThread "Cleaner-0" daemon [_thread_blocked, id=13572, stack(0x0000008959100000,0x0000008959200000)]
  0x000001deca4ead50 JavaThread "stream execution thread for [id = bfe45012-6653-4f11-8855-bc0b804e8595, runId = 106291e5-3111-47f9-bcd9-75e08b12cedc]" daemon [_thread_blocked, id=16160, stack(0x0000008959200000,0x0000008959300000)]
  0x000001deca4ed0c0 JavaThread "stream execution thread for [id = 8883e73c-cd4b-4d39-9faf-19861a096f22, runId = 013ad593-db3d-47d7-a2c9-b201e350f50b]" daemon [_thread_in_native, id=20852, stack(0x0000008959300000,0x0000008959400000)]
  0x000001decc3f95a0 JavaThread "ForkJoinPool.commonPool-worker-3" daemon [_thread_blocked, id=16508, stack(0x0000008959400000,0x0000008959500000)]
  0x000001decc258770 JavaThread "ForkJoinPool.commonPool-worker-4" daemon [_thread_blocked, id=2724, stack(0x0000008959500000,0x0000008959600000)]
  0x000001decc3f9090 JavaThread "ForkJoinPool.commonPool-worker-5" daemon [_thread_blocked, id=8776, stack(0x0000008959600000,0x0000008959700000)]
  0x000001decc259190 JavaThread "ForkJoinPool.commonPool-worker-6" daemon [_thread_blocked, id=18336, stack(0x0000008959700000,0x0000008959800000)]
  0x000001ded103ca00 JavaThread "stream execution thread for [id = 96389c7a-b8a0-41ca-b107-404a93e4a4a3, runId = d504a7b5-7afc-4f81-94c2-2eecaae0e4b9]" daemon [_thread_blocked, id=17276, stack(0x0000008959800000,0x0000008959900000)]
  0x000001ded103cf10 JavaThread "stream execution thread for [id = 1d418022-0933-42c9-91ac-dff44a33c6e6, runId = 34033aef-5e64-4c0d-9055-bcc849464a5f]" daemon [_thread_blocked, id=17124, stack(0x0000008959900000,0x0000008959a00000)]
  0x000001ded103c4f0 JavaThread "stream execution thread for [id = b40aa313-1eee-43ac-8e83-60054210449e, runId = e4d66006-0056-4b8a-a791-f2b0c36bf63c]" daemon [_thread_blocked, id=20704, stack(0x0000008959a00000,0x0000008959b00000)]
  0x000001ded103d420 JavaThread "stream execution thread for [id = bce7fc4d-d498-4da7-b2a3-a92062af05bb, runId = f0699e56-e5a1-4655-a8ff-e6851abc7d1b]" daemon [_thread_blocked, id=6048, stack(0x0000008959b00000,0x0000008959c00000)]
  0x000001decc2596a0 JavaThread "stream execution thread for [id = c18a2955-9f28-4428-806e-56483cbf8c76, runId = 168b9cbf-f14a-42a1-85df-8881403da709]" daemon [_thread_blocked, id=6548, stack(0x0000008959c00000,0x0000008959d00000)]
  0x000001decc258c80 JavaThread "stream execution thread for [id = eedd2caa-50e3-4d29-8f9f-b1fba9744490, runId = 81c0e959-06e0-4909-a083-8dd0bf5b659e]" daemon [_thread_blocked, id=17960, stack(0x0000008959d00000,0x0000008959e00000)]
  0x000001deca3a3c70 JavaThread "ForkJoinPool.commonPool-worker-7" daemon [_thread_blocked, id=19388, stack(0x0000008959e00000,0x0000008959f00000)]
  0x000001decc3f8670 JavaThread "ForkJoinPool.commonPool-worker-8" daemon [_thread_blocked, id=19756, stack(0x0000008959f00000,0x000000895a000000)]

Other Threads:
  0x000001deff96c670 VMThread "VM Thread" [stack: 0x0000008953700000,0x0000008953800000] [id=20944]
  0x000001dee5376f50 WatcherThread [stack: 0x0000008954500000,0x0000008954600000] [id=21224]
  0x000001dee5319780 GCTaskThread "GC Thread#0" [stack: 0x0000008953200000,0x0000008953300000] [id=15548]
  0x000001dec7e1e010 GCTaskThread "GC Thread#1" [stack: 0x0000008954600000,0x0000008954700000] [id=15052]
  0x000001dec7c04e20 GCTaskThread "GC Thread#2" [stack: 0x0000008954700000,0x0000008954800000] [id=13536]
  0x000001dec81612f0 GCTaskThread "GC Thread#3" [stack: 0x0000008954800000,0x0000008954900000] [id=18520]
  0x000001dec86bb600 GCTaskThread "GC Thread#4" [stack: 0x0000008954900000,0x0000008954a00000] [id=20532]
  0x000001dec87b6ff0 GCTaskThread "GC Thread#5" [stack: 0x0000008954a00000,0x0000008954b00000] [id=14408]
  0x000001dec87b67b0 GCTaskThread "GC Thread#6" [stack: 0x0000008954b00000,0x0000008954c00000] [id=18492]
  0x000001dec87b72b0 GCTaskThread "GC Thread#7" [stack: 0x0000008954c00000,0x0000008954d00000] [id=13600]
  0x000001dec87b59f0 GCTaskThread "GC Thread#8" [stack: 0x0000008954d00000,0x0000008954e00000] [id=21028]
  0x000001dec87b6d30 GCTaskThread "GC Thread#9" [stack: 0x0000008954e00000,0x0000008954f00000] [id=18000]
  0x000001dec87b5cb0 GCTaskThread "GC Thread#10" [stack: 0x0000008954f00000,0x0000008955000000] [id=15580]
  0x000001dec87b6a70 GCTaskThread "GC Thread#11" [stack: 0x0000008955000000,0x0000008955100000] [id=18724]
  0x000001dec87b5f70 GCTaskThread "GC Thread#12" [stack: 0x0000008955100000,0x0000008955200000] [id=18032]
  0x000001dee53225e0 ConcurrentGCThread "G1 Main Marker" [stack: 0x0000008953300000,0x0000008953400000] [id=20892]
  0x000001dee5322f00 ConcurrentGCThread "G1 Conc#0" [stack: 0x0000008953400000,0x0000008953500000] [id=19416]
  0x000001dec87b6230 ConcurrentGCThread "G1 Conc#1" [stack: 0x0000008955200000,0x0000008955300000] [id=19508]
  0x000001dec87b64f0 ConcurrentGCThread "G1 Conc#2" [stack: 0x0000008955300000,0x0000008955400000] [id=17160]
  0x000001deff81a5b0 ConcurrentGCThread "G1 Refine#0" [stack: 0x0000008953500000,0x0000008953600000] [id=20428]
  0x000001deff81adf0 ConcurrentGCThread "G1 Service" [stack: 0x0000008953600000,0x0000008953700000] [id=19940]

Threads with active compile tasks:
C2 CompilerThread0    29701 9508       4       java.lang.invoke.MethodType::makeImpl (109 bytes)

VM state: not at safepoint (normal execution)

VM Mutex/Monitor currently owned by a thread: None

Heap address: 0x00000000c0000000, size: 1024 MB, Compressed Oops mode: 32-bit

CDS archive(s) mapped at: [0x000001de82000000-0x000001de82bd0000-0x000001de82bd0000), size 12386304, SharedBaseAddress: 0x000001de82000000, ArchiveRelocationMode: 1.
Compressed class space mapped at: 0x000001de83000000-0x000001dec3000000, reserved size: 1073741824
Narrow klass base: 0x000001de82000000, Narrow klass shift: 0, Narrow klass range: 0x100000000

GC Precious Log:
 CPUs: 16 total, 16 available
 Memory: 5989M
 Large Page Support: Disabled
 NUMA Support: Disabled
 Compressed Oops: Enabled (32-bit)
 Heap Region Size: 1M
 Heap Min Capacity: 8M
 Heap Initial Capacity: 94M
 Heap Max Capacity: 1G
 Pre-touch: Disabled
 Parallel Workers: 13
 Concurrent Workers: 3
 Concurrent Refinement Workers: 13
 Periodic GC: Disabled

Heap:
 garbage-first heap   total 131072K, used 97333K [0x00000000c0000000, 0x0000000100000000)
  region size 1024K, 35 young (35840K), 6 survivors (6144K)
 Metaspace       used 114026K, committed 114688K, reserved 1179648K
  class space    used 14463K, committed 14784K, reserved 1048576K

Heap Regions: E=young(eden), S=young(survivor), O=old, HS=humongous(starts), HC=humongous(continues), CS=collection set, F=free, OA=open archive, CA=closed archive, TAMS=top-at-mark-start (previous, next)
|   0|0x00000000c0000000, 0x00000000c0100000, 0x00000000c0100000|100%|HS|  |TAMS 0x00000000c0100000, 0x00000000c0000000| Complete 
|   1|0x00000000c0100000, 0x00000000c0200000, 0x00000000c0200000|100%| O|  |TAMS 0x00000000c0200000, 0x00000000c0100000| Untracked 
|   2|0x00000000c0200000, 0x00000000c0300000, 0x00000000c0300000|100%|HS|  |TAMS 0x00000000c0300000, 0x00000000c0200000| Complete 
|   3|0x00000000c0300000, 0x00000000c0400000, 0x00000000c0400000|100%|HS|  |TAMS 0x00000000c0400000, 0x00000000c0300000| Complete 
|   4|0x00000000c0400000, 0x00000000c0500000, 0x00000000c0500000|100%|HC|  |TAMS 0x00000000c0500000, 0x00000000c0400000| Complete 
|   5|0x00000000c0500000, 0x00000000c0600000, 0x00000000c0600000|100%|HS|  |TAMS 0x00000000c0600000, 0x00000000c0500000| Complete 
|   6|0x00000000c0600000, 0x00000000c0700000, 0x00000000c0700000|100%|HC|  |TAMS 0x00000000c0700000, 0x00000000c0600000| Complete 
|   7|0x00000000c0700000, 0x00000000c0800000, 0x00000000c0800000|100%|HC|  |TAMS 0x00000000c0800000, 0x00000000c0700000| Complete 
|   8|0x00000000c0800000, 0x00000000c0900000, 0x00000000c0900000|100%|HS|  |TAMS 0x00000000c0900000, 0x00000000c0800000| Complete 
|   9|0x00000000c0900000, 0x00000000c0a00000, 0x00000000c0a00000|100%|HS|  |TAMS 0x00000000c0a00000, 0x00000000c0900000| Complete 
|  10|0x00000000c0a00000, 0x00000000c0b00000, 0x00000000c0b00000|100%|HS|  |TAMS 0x00000000c0b00000, 0x00000000c0a00000| Complete 
|  11|0x00000000c0b00000, 0x00000000c0c00000, 0x00000000c0c00000|100%|HS|  |TAMS 0x00000000c0c00000, 0x00000000c0b00000| Complete 
|  12|0x00000000c0c00000, 0x00000000c0d00000, 0x00000000c0d00000|100%|HS|  |TAMS 0x00000000c0d00000, 0x00000000c0c00000| Complete 
|  13|0x00000000c0d00000, 0x00000000c0e00000, 0x00000000c0e00000|100%| O|  |TAMS 0x00000000c0e00000, 0x00000000c0d00000| Untracked 
|  14|0x00000000c0e00000, 0x00000000c0f00000, 0x00000000c0f00000|100%| O|  |TAMS 0x00000000c0f00000, 0x00000000c0e00000| Untracked 
|  15|0x00000000c0f00000, 0x00000000c1000000, 0x00000000c1000000|100%| O|  |TAMS 0x00000000c1000000, 0x00000000c0f00000| Untracked 
|  16|0x00000000c1000000, 0x00000000c1100000, 0x00000000c1100000|100%| O|  |TAMS 0x00000000c1100000, 0x00000000c1000000| Untracked 
|  17|0x00000000c1100000, 0x00000000c1200000, 0x00000000c1200000|100%| O|  |TAMS 0x00000000c1200000, 0x00000000c1100000| Untracked 
|  18|0x00000000c1200000, 0x00000000c1300000, 0x00000000c1300000|100%| O|  |TAMS 0x00000000c1300000, 0x00000000c1200000| Untracked 
|  19|0x00000000c1300000, 0x00000000c1400000, 0x00000000c1400000|100%| O|  |TAMS 0x00000000c1400000, 0x00000000c1300000| Untracked 
|  20|0x00000000c1400000, 0x00000000c1500000, 0x00000000c1500000|100%| O|  |TAMS 0x00000000c1500000, 0x00000000c1400000| Untracked 
|  21|0x00000000c1500000, 0x00000000c1600000, 0x00000000c1600000|100%| O|  |TAMS 0x00000000c1600000, 0x00000000c1500000| Untracked 
|  22|0x00000000c1600000, 0x00000000c1700000, 0x00000000c1700000|100%| O|  |TAMS 0x00000000c1700000, 0x00000000c1600000| Untracked 
|  23|0x00000000c1700000, 0x00000000c1800000, 0x00000000c1800000|100%| O|  |TAMS 0x00000000c1800000, 0x00000000c1700000| Untracked 
|  24|0x00000000c1800000, 0x00000000c1900000, 0x00000000c1900000|100%| O|  |TAMS 0x00000000c1900000, 0x00000000c1800000| Untracked 
|  25|0x00000000c1900000, 0x00000000c1a00000, 0x00000000c1a00000|100%| O|  |TAMS 0x00000000c1a00000, 0x00000000c1900000| Untracked 
|  26|0x00000000c1a00000, 0x00000000c1b00000, 0x00000000c1b00000|100%| O|  |TAMS 0x00000000c1b00000, 0x00000000c1a00000| Untracked 
|  27|0x00000000c1b00000, 0x00000000c1c00000, 0x00000000c1c00000|100%| O|  |TAMS 0x00000000c1c00000, 0x00000000c1b00000| Untracked 
|  28|0x00000000c1c00000, 0x00000000c1d00000, 0x00000000c1d00000|100%| O|  |TAMS 0x00000000c1d00000, 0x00000000c1c00000| Untracked 
|  29|0x00000000c1d00000, 0x00000000c1e00000, 0x00000000c1e00000|100%| O|  |TAMS 0x00000000c1e00000, 0x00000000c1d00000| Untracked 
|  30|0x00000000c1e00000, 0x00000000c1f00000, 0x00000000c1f00000|100%| O|  |TAMS 0x00000000c1f00000, 0x00000000c1e00000| Untracked 
|  31|0x00000000c1f00000, 0x00000000c2000000, 0x00000000c2000000|100%| O|  |TAMS 0x00000000c2000000, 0x00000000c1f00000| Untracked 
|  32|0x00000000c2000000, 0x00000000c2100000, 0x00000000c2100000|100%|HS|  |TAMS 0x00000000c2100000, 0x00000000c2000000| Complete 
|  33|0x00000000c2100000, 0x00000000c2200000, 0x00000000c2200000|100%|HC|  |TAMS 0x00000000c2200000, 0x00000000c2100000| Complete 
|  34|0x00000000c2200000, 0x00000000c2300000, 0x00000000c2300000|100%|HC|  |TAMS 0x00000000c2300000, 0x00000000c2200000| Complete 
|  35|0x00000000c2300000, 0x00000000c2400000, 0x00000000c2400000|100%|HS|  |TAMS 0x00000000c2400000, 0x00000000c2300000| Complete 
|  36|0x00000000c2400000, 0x00000000c2500000, 0x00000000c2500000|100%|HC|  |TAMS 0x00000000c2500000, 0x00000000c2400000| Complete 
|  37|0x00000000c2500000, 0x00000000c2600000, 0x00000000c2600000|100%| O|  |TAMS 0x00000000c2600000, 0x00000000c2500000| Untracked 
|  38|0x00000000c2600000, 0x00000000c2700000, 0x00000000c2700000|100%| O|  |TAMS 0x00000000c2700000, 0x00000000c2600000| Untracked 
|  39|0x00000000c2700000, 0x00000000c2800000, 0x00000000c2800000|100%| O|  |TAMS 0x00000000c2800000, 0x00000000c2700000| Untracked 
|  40|0x00000000c2800000, 0x00000000c2900000, 0x00000000c2900000|100%| O|  |TAMS 0x00000000c2900000, 0x00000000c2800000| Untracked 
|  41|0x00000000c2900000, 0x00000000c2a00000, 0x00000000c2a00000|100%| O|  |TAMS 0x00000000c2a00000, 0x00000000c2900000| Untracked 
|  42|0x00000000c2a00000, 0x00000000c2b00000, 0x00000000c2b00000|100%| O|  |TAMS 0x00000000c2b00000, 0x00000000c2a00000| Untracked 
|  43|0x00000000c2b00000, 0x00000000c2c00000, 0x00000000c2c00000|100%| O|  |TAMS 0x00000000c2c00000, 0x00000000c2b00000| Untracked 
|  44|0x00000000c2c00000, 0x00000000c2d00000, 0x00000000c2d00000|100%| O|  |TAMS 0x00000000c2d00000, 0x00000000c2c00000| Untracked 
|  45|0x00000000c2d00000, 0x00000000c2e00000, 0x00000000c2e00000|100%| O|  |TAMS 0x00000000c2e00000, 0x00000000c2d00000| Untracked 
|  46|0x00000000c2e00000, 0x00000000c2f00000, 0x00000000c2f00000|100%| O|  |TAMS 0x00000000c2f00000, 0x00000000c2e00000| Untracked 
|  47|0x00000000c2f00000, 0x00000000c3000000, 0x00000000c3000000|100%| O|  |TAMS 0x00000000c3000000, 0x00000000c2f00000| Untracked 
|  48|0x00000000c3000000, 0x00000000c3100000, 0x00000000c3100000|100%| O|  |TAMS 0x00000000c3100000, 0x00000000c3000000| Untracked 
|  49|0x00000000c3100000, 0x00000000c3200000, 0x00000000c3200000|100%| O|  |TAMS 0x00000000c3200000, 0x00000000c3100000| Untracked 
|  50|0x00000000c3200000, 0x00000000c3300000, 0x00000000c3300000|100%| O|  |TAMS 0x00000000c3300000, 0x00000000c3200000| Untracked 
|  51|0x00000000c3300000, 0x00000000c3400000, 0x00000000c3400000|100%| O|  |TAMS 0x00000000c3400000, 0x00000000c3300000| Untracked 
|  52|0x00000000c3400000, 0x00000000c3500000, 0x00000000c3500000|100%| O|  |TAMS 0x00000000c3500000, 0x00000000c3400000| Untracked 
|  53|0x00000000c3500000, 0x00000000c3600000, 0x00000000c3600000|100%| O|  |TAMS 0x00000000c3600000, 0x00000000c3500000| Untracked 
|  54|0x00000000c3600000, 0x00000000c3700000, 0x00000000c3700000|100%| O|  |TAMS 0x00000000c3700000, 0x00000000c3600000| Untracked 
|  55|0x00000000c3700000, 0x00000000c3800000, 0x00000000c3800000|100%| O|  |TAMS 0x00000000c3800000, 0x00000000c3700000| Untracked 
|  56|0x00000000c3800000, 0x00000000c3900000, 0x00000000c3900000|100%| O|  |TAMS 0x00000000c3900000, 0x00000000c3800000| Untracked 
|  57|0x00000000c3900000, 0x00000000c3a00000, 0x00000000c3a00000|100%| O|  |TAMS 0x00000000c3a00000, 0x00000000c3900000| Untracked 
|  58|0x00000000c3a00000, 0x00000000c3b00000, 0x00000000c3b00000|100%| O|  |TAMS 0x00000000c3b00000, 0x00000000c3a00000| Untracked 
|  59|0x00000000c3b00000, 0x00000000c3c00000, 0x00000000c3c00000|100%| O|  |TAMS 0x00000000c3b60000, 0x00000000c3b00000| Untracked 
|  60|0x00000000c3c00000, 0x00000000c3d00000, 0x00000000c3d00000|100%| O|  |TAMS 0x00000000c3c00000, 0x00000000c3c00000| Untracked 
|  61|0x00000000c3d00000, 0x00000000c3e00000, 0x00000000c3e00000|100%| O|  |TAMS 0x00000000c3d00000, 0x00000000c3d00000| Untracked 
|  62|0x00000000c3e00000, 0x00000000c3e0d400, 0x00000000c3f00000|  5%| O|  |TAMS 0x00000000c3e00000, 0x00000000c3e00000| Untracked 
|  63|0x00000000c3f00000, 0x00000000c3f00000, 0x00000000c4000000|  0%| F|  |TAMS 0x00000000c3f00000, 0x00000000c3f00000| Untracked 
|  64|0x00000000c4000000, 0x00000000c4000000, 0x00000000c4100000|  0%| F|  |TAMS 0x00000000c4000000, 0x00000000c4000000| Untracked 
|  65|0x00000000c4100000, 0x00000000c4100000, 0x00000000c4200000|  0%| F|  |TAMS 0x00000000c4100000, 0x00000000c4100000| Untracked 
|  66|0x00000000c4200000, 0x00000000c4200000, 0x00000000c4300000|  0%| F|  |TAMS 0x00000000c4200000, 0x00000000c4200000| Untracked 
|  67|0x00000000c4300000, 0x00000000c4300000, 0x00000000c4400000|  0%| F|  |TAMS 0x00000000c4300000, 0x00000000c4300000| Untracked 
|  68|0x00000000c4400000, 0x00000000c4400000, 0x00000000c4500000|  0%| F|  |TAMS 0x00000000c4400000, 0x00000000c4400000| Untracked 
|  69|0x00000000c4500000, 0x00000000c4500000, 0x00000000c4600000|  0%| F|  |TAMS 0x00000000c4500000, 0x00000000c4500000| Untracked 
|  70|0x00000000c4600000, 0x00000000c4600000, 0x00000000c4700000|  0%| F|  |TAMS 0x00000000c4600000, 0x00000000c4600000| Untracked 
|  71|0x00000000c4700000, 0x00000000c4700000, 0x00000000c4800000|  0%| F|  |TAMS 0x00000000c4700000, 0x00000000c4700000| Untracked 
|  72|0x00000000c4800000, 0x00000000c4800000, 0x00000000c4900000|  0%| F|  |TAMS 0x00000000c4800000, 0x00000000c4800000| Untracked 
|  73|0x00000000c4900000, 0x00000000c4900000, 0x00000000c4a00000|  0%| F|  |TAMS 0x00000000c4900000, 0x00000000c4900000| Untracked 
|  74|0x00000000c4a00000, 0x00000000c4a00000, 0x00000000c4b00000|  0%| F|  |TAMS 0x00000000c4a00000, 0x00000000c4a00000| Untracked 
|  75|0x00000000c4b00000, 0x00000000c4b00000, 0x00000000c4c00000|  0%| F|  |TAMS 0x00000000c4b00000, 0x00000000c4b00000| Untracked 
|  76|0x00000000c4c00000, 0x00000000c4c00000, 0x00000000c4d00000|  0%| F|  |TAMS 0x00000000c4c00000, 0x00000000c4c00000| Untracked 
|  77|0x00000000c4d00000, 0x00000000c4d00000, 0x00000000c4e00000|  0%| F|  |TAMS 0x00000000c4d00000, 0x00000000c4d00000| Untracked 
|  78|0x00000000c4e00000, 0x00000000c4e00000, 0x00000000c4f00000|  0%| F|  |TAMS 0x00000000c4e00000, 0x00000000c4e00000| Untracked 
|  79|0x00000000c4f00000, 0x00000000c5000000, 0x00000000c5000000|100%| S|CS|TAMS 0x00000000c4f00000, 0x00000000c4f00000| Complete 
|  80|0x00000000c5000000, 0x00000000c5100000, 0x00000000c5100000|100%| S|CS|TAMS 0x00000000c5000000, 0x00000000c5000000| Complete 
|  81|0x00000000c5100000, 0x00000000c5200000, 0x00000000c5200000|100%| S|CS|TAMS 0x00000000c5100000, 0x00000000c5100000| Complete 
|  82|0x00000000c5200000, 0x00000000c5300000, 0x00000000c5300000|100%| S|CS|TAMS 0x00000000c5200000, 0x00000000c5200000| Complete 
|  83|0x00000000c5300000, 0x00000000c5300000, 0x00000000c5400000|  0%| F|  |TAMS 0x00000000c5300000, 0x00000000c5300000| Untracked 
|  84|0x00000000c5400000, 0x00000000c5400000, 0x00000000c5500000|  0%| F|  |TAMS 0x00000000c5400000, 0x00000000c5400000| Untracked 
|  85|0x00000000c5500000, 0x00000000c5500000, 0x00000000c5600000|  0%| F|  |TAMS 0x00000000c5500000, 0x00000000c5500000| Untracked 
|  86|0x00000000c5600000, 0x00000000c5700000, 0x00000000c5700000|100%| S|CS|TAMS 0x00000000c5600000, 0x00000000c5600000| Complete 
|  87|0x00000000c5700000, 0x00000000c5800000, 0x00000000c5800000|100%| S|CS|TAMS 0x00000000c5700000, 0x00000000c5700000| Complete 
|  88|0x00000000c5800000, 0x00000000c5800000, 0x00000000c5900000|  0%| F|  |TAMS 0x00000000c5800000, 0x00000000c5800000| Untracked 
|  89|0x00000000c5900000, 0x00000000c5900000, 0x00000000c5a00000|  0%| F|  |TAMS 0x00000000c5900000, 0x00000000c5900000| Untracked 
|  90|0x00000000c5a00000, 0x00000000c5a00000, 0x00000000c5b00000|  0%| F|  |TAMS 0x00000000c5a00000, 0x00000000c5a00000| Untracked 
|  91|0x00000000c5b00000, 0x00000000c5b00000, 0x00000000c5c00000|  0%| F|  |TAMS 0x00000000c5b00000, 0x00000000c5b00000| Untracked 
|  92|0x00000000c5c00000, 0x00000000c5c00000, 0x00000000c5d00000|  0%| F|  |TAMS 0x00000000c5c00000, 0x00000000c5c00000| Untracked 
|  93|0x00000000c5d00000, 0x00000000c5d00000, 0x00000000c5e00000|  0%| F|  |TAMS 0x00000000c5d00000, 0x00000000c5d00000| Untracked 
|  94|0x00000000c5e00000, 0x00000000c5e00000, 0x00000000c5f00000|  0%| F|  |TAMS 0x00000000c5e00000, 0x00000000c5e00000| Untracked 
|  95|0x00000000c5f00000, 0x00000000c5f00000, 0x00000000c6000000|  0%| F|  |TAMS 0x00000000c5f00000, 0x00000000c5f00000| Untracked 
|  96|0x00000000c6000000, 0x00000000c6000000, 0x00000000c6100000|  0%| F|  |TAMS 0x00000000c6000000, 0x00000000c6000000| Untracked 
|  97|0x00000000c6100000, 0x00000000c6100000, 0x00000000c6200000|  0%| F|  |TAMS 0x00000000c6100000, 0x00000000c6100000| Untracked 
|  98|0x00000000c6200000, 0x00000000c6200000, 0x00000000c6300000|  0%| F|  |TAMS 0x00000000c6200000, 0x00000000c6200000| Untracked 
|  99|0x00000000c6300000, 0x00000000c63b9c28, 0x00000000c6400000| 72%| E|  |TAMS 0x00000000c6300000, 0x00000000c6300000| Complete 
| 100|0x00000000c6400000, 0x00000000c6500000, 0x00000000c6500000|100%| E|CS|TAMS 0x00000000c6400000, 0x00000000c6400000| Complete 
| 101|0x00000000c6500000, 0x00000000c6600000, 0x00000000c6600000|100%| E|  |TAMS 0x00000000c6500000, 0x00000000c6500000| Complete 
| 102|0x00000000c6600000, 0x00000000c6700000, 0x00000000c6700000|100%| E|CS|TAMS 0x00000000c6600000, 0x00000000c6600000| Complete 
| 103|0x00000000c6700000, 0x00000000c6800000, 0x00000000c6800000|100%| E|CS|TAMS 0x00000000c6700000, 0x00000000c6700000| Complete 
| 104|0x00000000c6800000, 0x00000000c6900000, 0x00000000c6900000|100%| E|CS|TAMS 0x00000000c6800000, 0x00000000c6800000| Complete 
| 105|0x00000000c6900000, 0x00000000c6a00000, 0x00000000c6a00000|100%| E|CS|TAMS 0x00000000c6900000, 0x00000000c6900000| Complete 
| 106|0x00000000c6a00000, 0x00000000c6b00000, 0x00000000c6b00000|100%| E|CS|TAMS 0x00000000c6a00000, 0x00000000c6a00000| Complete 
| 107|0x00000000c6b00000, 0x00000000c6c00000, 0x00000000c6c00000|100%| E|CS|TAMS 0x00000000c6b00000, 0x00000000c6b00000| Complete 
| 108|0x00000000c6c00000, 0x00000000c6d00000, 0x00000000c6d00000|100%| E|CS|TAMS 0x00000000c6c00000, 0x00000000c6c00000| Complete 
| 109|0x00000000c6d00000, 0x00000000c6e00000, 0x00000000c6e00000|100%| E|CS|TAMS 0x00000000c6d00000, 0x00000000c6d00000| Complete 
| 110|0x00000000c6e00000, 0x00000000c6f00000, 0x00000000c6f00000|100%| E|CS|TAMS 0x00000000c6e00000, 0x00000000c6e00000| Complete 
| 111|0x00000000c6f00000, 0x00000000c7000000, 0x00000000c7000000|100%| E|CS|TAMS 0x00000000c6f00000, 0x00000000c6f00000| Complete 
| 112|0x00000000c7000000, 0x00000000c7100000, 0x00000000c7100000|100%| E|CS|TAMS 0x00000000c7000000, 0x00000000c7000000| Complete 
| 113|0x00000000c7100000, 0x00000000c7200000, 0x00000000c7200000|100%| E|CS|TAMS 0x00000000c7100000, 0x00000000c7100000| Complete 
| 114|0x00000000c7200000, 0x00000000c7300000, 0x00000000c7300000|100%| E|CS|TAMS 0x00000000c7200000, 0x00000000c7200000| Complete 
| 115|0x00000000c7300000, 0x00000000c7400000, 0x00000000c7400000|100%| E|CS|TAMS 0x00000000c7300000, 0x00000000c7300000| Complete 
| 116|0x00000000c7400000, 0x00000000c7500000, 0x00000000c7500000|100%| E|CS|TAMS 0x00000000c7400000, 0x00000000c7400000| Complete 
| 117|0x00000000c7500000, 0x00000000c7600000, 0x00000000c7600000|100%| E|CS|TAMS 0x00000000c7500000, 0x00000000c7500000| Complete 
| 118|0x00000000c7600000, 0x00000000c7700000, 0x00000000c7700000|100%| E|CS|TAMS 0x00000000c7600000, 0x00000000c7600000| Complete 
| 119|0x00000000c7700000, 0x00000000c7800000, 0x00000000c7800000|100%| E|CS|TAMS 0x00000000c7700000, 0x00000000c7700000| Complete 
| 120|0x00000000c7800000, 0x00000000c7900000, 0x00000000c7900000|100%| E|CS|TAMS 0x00000000c7800000, 0x00000000c7800000| Complete 
| 121|0x00000000c7900000, 0x00000000c7a00000, 0x00000000c7a00000|100%| E|CS|TAMS 0x00000000c7900000, 0x00000000c7900000| Complete 
| 122|0x00000000c7a00000, 0x00000000c7b00000, 0x00000000c7b00000|100%| E|CS|TAMS 0x00000000c7a00000, 0x00000000c7a00000| Complete 
| 123|0x00000000c7b00000, 0x00000000c7c00000, 0x00000000c7c00000|100%| E|CS|TAMS 0x00000000c7b00000, 0x00000000c7b00000| Complete 
| 124|0x00000000c7c00000, 0x00000000c7d00000, 0x00000000c7d00000|100%| E|CS|TAMS 0x00000000c7c00000, 0x00000000c7c00000| Complete 
| 125|0x00000000c7d00000, 0x00000000c7e00000, 0x00000000c7e00000|100%| E|CS|TAMS 0x00000000c7d00000, 0x00000000c7d00000| Complete 
| 126|0x00000000c7e00000, 0x00000000c7f00000, 0x00000000c7f00000|100%| E|CS|TAMS 0x00000000c7e00000, 0x00000000c7e00000| Complete 
| 127|0x00000000c7f00000, 0x00000000c8000000, 0x00000000c8000000|100%| E|CS|TAMS 0x00000000c7f00000, 0x00000000c7f00000| Complete 

Card table byte_map: [0x000001defc600000,0x000001defc800000] _byte_map_base: 0x000001defc000000

Marking Bits (Prev, Next): (CMBitMap*) 0x000001dee5319cf0, (CMBitMap*) 0x000001dee5319cb0
 Prev Bits: [0x000001defda00000, 0x000001defea00000)
 Next Bits: [0x000001defca00000, 0x000001defda00000)

Polling page: 0x000001dee4a80000

Metaspace:

Usage:
  Non-class:     97.25 MB used.
      Class:     14.13 MB used.
       Both:    111.37 MB used.

Virtual space:
  Non-class space:      128.00 MB reserved,      97.62 MB ( 76%) committed,  2 nodes.
      Class space:        1.00 GB reserved,      14.44 MB (  1%) committed,  1 nodes.
             Both:        1.12 GB reserved,     112.06 MB ( 10%) committed. 

Chunk freelists:
   Non-Class:  13.48 MB
       Class:  1.53 MB
        Both:  15.02 MB

MaxMetaspaceSize: unlimited
CompressedClassSpaceSize: 1.00 GB
Initial GC threshold: 21.00 MB
Current GC threshold: 182.62 MB
CDS: on
MetaspaceReclaimPolicy: balanced
 - commit_granule_bytes: 65536.
 - commit_granule_words: 8192.
 - virtual_space_node_default_size: 8388608.
 - enlarge_chunks_in_place: 1.
 - new_chunks_are_fully_committed: 0.
 - uncommit_free_chunks: 1.
 - use_allocation_guard: 0.
 - handle_deallocations: 1.


Internal statistics:

num_allocs_failed_limit: 9.
num_arena_births: 908.
num_arena_deaths: 0.
num_vsnodes_births: 3.
num_vsnodes_deaths: 0.
num_space_committed: 1789.
num_space_uncommitted: 0.
num_chunks_returned_to_freelist: 9.
num_chunks_taken_from_freelist: 4823.
num_chunk_merges: 6.
num_chunk_splits: 3723.
num_chunks_enlarged: 3067.
num_inconsistent_stats: 0.

CodeHeap 'non-profiled nmethods': size=119168Kb used=4120Kb max_used=4120Kb free=115047Kb
 bounds [0x000001def4710000, 0x000001def4b20000, 0x000001defbb70000]
CodeHeap 'profiled nmethods': size=119104Kb used=17726Kb max_used=17726Kb free=101377Kb
 bounds [0x000001deecb70000, 0x000001deedcc0000, 0x000001def3fc0000]
CodeHeap 'non-nmethods': size=7488Kb used=2047Kb max_used=2626Kb free=5440Kb
 bounds [0x000001def3fc0000, 0x000001def4260000, 0x000001def4710000]
 total_blobs=9705 nmethods=8845 adapters=767
 compilation: enabled
              stopped_count=0, restarted_count=0
 full_count=0

Compilation events (20 events):
Event: 28.622 Thread 0x000001decb5c9030 9763       2       java.util.Collections$UnmodifiableMap::containsKey (11 bytes)
Event: 28.622 Thread 0x000001deff9930c0 9764       2       org.apache.kafka.common.config.AbstractConfig$ResolvingMap::get (37 bytes)
Event: 28.622 Thread 0x000001decb5c9030 nmethod 9763 0x000001deedcb7690 code [0x000001deedcb7820, 0x000001deedcb7948]
Event: 28.622 Thread 0x000001decb5c9030 9765       2       org.apache.kafka.common.config.ConfigDef::parseValue (100 bytes)
Event: 28.622 Thread 0x000001deff9930c0 nmethod 9764 0x000001deedcb7a10 code [0x000001deedcb7be0, 0x000001deedcb7e28]
Event: 28.623 Thread 0x000001decb5c9030 nmethod 9765 0x000001deedcb7f90 code [0x000001deedcb81a0, 0x000001deedcb85c8]
Event: 28.624 Thread 0x000001decb5c9030 9766   !   2       org.apache.kafka.common.config.ConfigDef::parseType (694 bytes)
Event: 28.624 Thread 0x000001deff9930c0 9767       1       java.lang.Double::doubleValue (5 bytes)
Event: 28.625 Thread 0x000001deff9930c0 nmethod 9767 0x000001def4b15a90 code [0x000001def4b15c20, 0x000001def4b15cf8]
Event: 28.632 Thread 0x000001decb5c9030 nmethod 9766 0x000001deedcb8890 code [0x000001deedcb9080, 0x000001deedcbbe38]
Event: 28.635 Thread 0x000001decb5c9030 9768       2       com.codahale.metrics.EWMA::update (9 bytes)
Event: 28.635 Thread 0x000001decb5c9030 nmethod 9768 0x000001deedcbe890 code [0x000001deedcbea20, 0x000001deedcbeb48]
Event: 28.638 Thread 0x000001decb5c9030 9769       1       org.apache.spark.util.ThreadUtils$$anon$1::lock (5 bytes)
Event: 28.639 Thread 0x000001decb5c9030 nmethod 9769 0x000001def4b15d90 code [0x000001def4b15f20, 0x000001def4b15ff8]
Event: 28.911 Thread 0x000001decb5c9030 9770       1       java.util.concurrent.ThreadPoolExecutor::getQueue (5 bytes)
Event: 28.911 Thread 0x000001decb5c9030 nmethod 9770 0x000001def4b16090 code [0x000001def4b16220, 0x000001def4b162f8]
Event: 29.282 Thread 0x000001decb5c9030 9771       2       java.util.concurrent.ScheduledThreadPoolExecutor$DelayedWorkQueue::setIndex (16 bytes)
Event: 29.283 Thread 0x000001decb5c9030 nmethod 9771 0x000001deedcbec10 code [0x000001deedcbeda0, 0x000001deedcbef18]
Event: 29.425 Thread 0x000001deff9930c0 9772       2       java.util.stream.Collectors$CollectorImpl::<init> (13 bytes)
Event: 29.426 Thread 0x000001deff9930c0 nmethod 9772 0x000001deedcbf010 code [0x000001deedcbf1c0, 0x000001deedcbf498]

GC Heap History (20 events):
Event: 7.105 GC heap before
{Heap before GC invocations=10 (full 0):
 garbage-first heap   total 96256K, used 70257K [0x00000000c0000000, 0x0000000100000000)
  region size 1024K, 34 young (34816K), 5 survivors (5120K)
 Metaspace       used 42356K, committed 42752K, reserved 1114112K
  class space    used 4951K, committed 5120K, reserved 1048576K
}
Event: 7.113 GC heap after
{Heap after GC invocations=11 (full 0):
 garbage-first heap   total 96256K, used 43744K [0x00000000c0000000, 0x0000000100000000)
  region size 1024K, 3 young (3072K), 3 survivors (3072K)
 Metaspace       used 42356K, committed 42752K, reserved 1114112K
  class space    used 4951K, committed 5120K, reserved 1048576K
}
Event: 9.951 GC heap before
{Heap before GC invocations=11 (full 0):
 garbage-first heap   total 96256K, used 72416K [0x00000000c0000000, 0x0000000100000000)
  region size 1024K, 32 young (32768K), 3 survivors (3072K)
 Metaspace       used 47701K, committed 48192K, reserved 1114112K
  class space    used 5638K, committed 5888K, reserved 1048576K
}
Event: 9.957 GC heap after
{Heap after GC invocations=12 (full 0):
 garbage-first heap   total 96256K, used 45247K [0x00000000c0000000, 0x0000000100000000)
  region size 1024K, 2 young (2048K), 2 survivors (2048K)
 Metaspace       used 47701K, committed 48192K, reserved 1114112K
  class space    used 5638K, committed 5888K, reserved 1048576K
}
Event: 10.761 GC heap before
{Heap before GC invocations=12 (full 0):
 garbage-first heap   total 96256K, used 73919K [0x00000000c0000000, 0x0000000100000000)
  region size 1024K, 31 young (31744K), 2 survivors (2048K)
 Metaspace       used 54044K, committed 54528K, reserved 1114112K
  class space    used 6342K, committed 6592K, reserved 1048576K
}
Event: 10.766 GC heap after
{Heap after GC invocations=13 (full 0):
 garbage-first heap   total 96256K, used 46761K [0x00000000c0000000, 0x0000000100000000)
  region size 1024K, 4 young (4096K), 4 survivors (4096K)
 Metaspace       used 54044K, committed 54528K, reserved 1114112K
  class space    used 6342K, committed 6592K, reserved 1048576K
}
Event: 11.176 GC heap before
{Heap before GC invocations=14 (full 0):
 garbage-first heap   total 96256K, used 74409K [0x00000000c0000000, 0x0000000100000000)
  region size 1024K, 32 young (32768K), 4 survivors (4096K)
 Metaspace       used 59992K, committed 60480K, reserved 1114112K
  class space    used 6975K, committed 7232K, reserved 1048576K
}
Event: 11.182 GC heap after
{Heap after GC invocations=15 (full 0):
 garbage-first heap   total 131072K, used 47772K [0x00000000c0000000, 0x0000000100000000)
  region size 1024K, 3 young (3072K), 3 survivors (3072K)
 Metaspace       used 59992K, committed 60480K, reserved 1114112K
  class space    used 6975K, committed 7232K, reserved 1048576K
}
Event: 13.299 GC heap before
{Heap before GC invocations=15 (full 0):
 garbage-first heap   total 131072K, used 105116K [0x00000000c0000000, 0x0000000100000000)
  region size 1024K, 59 young (60416K), 3 survivors (3072K)
 Metaspace       used 71683K, committed 72192K, reserved 1114112K
  class space    used 8578K, committed 8832K, reserved 1048576K
}
Event: 13.308 GC heap after
{Heap after GC invocations=16 (full 0):
 garbage-first heap   total 131072K, used 53429K [0x00000000c0000000, 0x0000000100000000)
  region size 1024K, 8 young (8192K), 8 survivors (8192K)
 Metaspace       used 71683K, committed 72192K, reserved 1114112K
  class space    used 8578K, committed 8832K, reserved 1048576K
}
Event: 14.319 GC heap before
{Heap before GC invocations=16 (full 0):
 garbage-first heap   total 131072K, used 99509K [0x00000000c0000000, 0x0000000100000000)
  region size 1024K, 53 young (54272K), 8 survivors (8192K)
 Metaspace       used 81851K, committed 82432K, reserved 1179648K
  class space    used 9684K, committed 9984K, reserved 1048576K
}
Event: 14.328 GC heap after
{Heap after GC invocations=17 (full 0):
 garbage-first heap   total 131072K, used 57909K [0x00000000c0000000, 0x0000000100000000)
  region size 1024K, 5 young (5120K), 5 survivors (5120K)
 Metaspace       used 81851K, committed 82432K, reserved 1179648K
  class space    used 9684K, committed 9984K, reserved 1048576K
}
Event: 15.016 GC heap before
{Heap before GC invocations=17 (full 0):
 garbage-first heap   total 131072K, used 94773K [0x00000000c0000000, 0x0000000100000000)
  region size 1024K, 42 young (43008K), 5 survivors (5120K)
 Metaspace       used 90481K, committed 91008K, reserved 1179648K
  class space    used 10977K, committed 11264K, reserved 1048576K
}
Event: 15.021 GC heap after
{Heap after GC invocations=18 (full 0):
 garbage-first heap   total 131072K, used 61270K [0x00000000c0000000, 0x0000000100000000)
  region size 1024K, 4 young (4096K), 4 survivors (4096K)
 Metaspace       used 90481K, committed 91008K, reserved 1179648K
  class space    used 10977K, committed 11264K, reserved 1048576K
}
Event: 15.852 GC heap before
{Heap before GC invocations=19 (full 0):
 garbage-first heap   total 131072K, used 103254K [0x00000000c0000000, 0x0000000100000000)
  region size 1024K, 45 young (46080K), 4 survivors (4096K)
 Metaspace       used 98610K, committed 99200K, reserved 1179648K
  class space    used 12227K, committed 12480K, reserved 1048576K
}
Event: 15.856 GC heap after
{Heap after GC invocations=20 (full 0):
 garbage-first heap   total 131072K, used 62377K [0x00000000c0000000, 0x0000000100000000)
  region size 1024K, 5 young (5120K), 5 survivors (5120K)
 Metaspace       used 98610K, committed 99200K, reserved 1179648K
  class space    used 12227K, committed 12480K, reserved 1048576K
}
Event: 26.629 GC heap before
{Heap before GC invocations=20 (full 0):
 garbage-first heap   total 131072K, used 105385K [0x00000000c0000000, 0x0000000100000000)
  region size 1024K, 47 young (48128K), 5 survivors (5120K)
 Metaspace       used 107382K, committed 107968K, reserved 1179648K
  class space    used 13268K, committed 13568K, reserved 1048576K
}
Event: 26.637 GC heap after
{Heap after GC invocations=21 (full 0):
 garbage-first heap   total 131072K, used 65385K [0x00000000c0000000, 0x0000000100000000)
  region size 1024K, 5 young (5120K), 5 survivors (5120K)
 Metaspace       used 107382K, committed 107968K, reserved 1179648K
  class space    used 13268K, committed 13568K, reserved 1048576K
}
Event: 27.205 GC heap before
{Heap before GC invocations=21 (full 0):
 garbage-first heap   total 131072K, used 105321K [0x00000000c0000000, 0x0000000100000000)
  region size 1024K, 45 young (46080K), 5 survivors (5120K)
 Metaspace       used 111371K, committed 111936K, reserved 1179648K
  class space    used 13998K, committed 14272K, reserved 1048576K
}
Event: 27.217 GC heap after
{Heap after GC invocations=22 (full 0):
 garbage-first heap   total 131072K, used 69685K [0x00000000c0000000, 0x0000000100000000)
  region size 1024K, 6 young (6144K), 6 survivors (6144K)
 Metaspace       used 111371K, committed 111936K, reserved 1179648K
  class space    used 13998K, committed 14272K, reserved 1048576K
}

Deoptimization events (20 events):
Event: 27.346 Thread 0x000001deca4ead50 DEOPT PACKING pc=0x000001deed9a0eed sp=0x00000089592f8e70
Event: 27.346 Thread 0x000001deca4ead50 DEOPT UNPACKING pc=0x000001def4012b43 sp=0x00000089592f8310 mode 0
Event: 27.349 Thread 0x000001ded103d420 DEOPT PACKING pc=0x000001deed9a0eed sp=0x0000008959bf9460
Event: 27.349 Thread 0x000001ded103d420 DEOPT UNPACKING pc=0x000001def4012b43 sp=0x0000008959bf8900 mode 0
Event: 27.354 Thread 0x000001ded103cf10 DEOPT PACKING pc=0x000001deed9a0eed sp=0x00000089599f90e0
Event: 27.354 Thread 0x000001ded103cf10 DEOPT UNPACKING pc=0x000001def4012b43 sp=0x00000089599f8580 mode 0
Event: 27.359 Thread 0x000001ded103c4f0 DEOPT PACKING pc=0x000001deed9a0eed sp=0x0000008959af9670
Event: 27.359 Thread 0x000001ded103c4f0 DEOPT UNPACKING pc=0x000001def4012b43 sp=0x0000008959af8b10 mode 0
Event: 27.387 Thread 0x000001ded103d420 Uncommon trap: trap_request=0xffffff45 fr.pc=0x000001def4a66d90 relative=0x0000000000001570
Event: 27.387 Thread 0x000001ded103cf10 Uncommon trap: trap_request=0xffffff45 fr.pc=0x000001def4a66d90 relative=0x0000000000001570
Event: 27.387 Thread 0x000001ded103d420 Uncommon trap: reason=unstable_if action=reinterpret pc=0x000001def4a66d90 method=java.lang.reflect.Constructor.acquireConstructorAccessor()Ljdk/internal/reflect/ConstructorAccessor; @ 18 c2
Event: 27.387 Thread 0x000001ded103cf10 Uncommon trap: reason=unstable_if action=reinterpret pc=0x000001def4a66d90 method=java.lang.reflect.Constructor.acquireConstructorAccessor()Ljdk/internal/reflect/ConstructorAccessor; @ 18 c2
Event: 27.387 Thread 0x000001deca4ead50 Uncommon trap: trap_request=0xffffff45 fr.pc=0x000001def4a66d90 relative=0x0000000000001570
Event: 27.387 Thread 0x000001deca4ead50 Uncommon trap: reason=unstable_if action=reinterpret pc=0x000001def4a66d90 method=java.lang.reflect.Constructor.acquireConstructorAccessor()Ljdk/internal/reflect/ConstructorAccessor; @ 18 c2
Event: 27.387 Thread 0x000001ded103cf10 DEOPT PACKING pc=0x000001def4a66d90 sp=0x00000089599fdb90
Event: 27.387 Thread 0x000001ded103d420 DEOPT PACKING pc=0x000001def4a66d90 sp=0x0000008959bfe2a0
Event: 27.388 Thread 0x000001ded103cf10 DEOPT UNPACKING pc=0x000001def40123a3 sp=0x00000089599fdb78 mode 2
Event: 27.388 Thread 0x000001ded103d420 DEOPT UNPACKING pc=0x000001def40123a3 sp=0x0000008959bfe288 mode 2
Event: 27.388 Thread 0x000001deca4ead50 DEOPT PACKING pc=0x000001def4a66d90 sp=0x00000089592fdc60
Event: 27.388 Thread 0x000001deca4ead50 DEOPT UNPACKING pc=0x000001def40123a3 sp=0x00000089592fdc48 mode 2

Classes unloaded (0 events):
No events

Classes redefined (0 events):
No events

Internal exceptions (20 events):
Event: 27.411 Thread 0x000001ded103c4f0 Exception <a 'java/lang/NoSuchMethodError'{0x00000000c72c2908}: 'void java.lang.invoke.DirectMethodHandle$Holder.invokeStatic(java.lang.Object, java.lang.Object, java.lang.Object, int, java.lang.Object, java.lang.Object)'> (0x00000000c72c2908) 
thrown [s\open\src\hotspot\share\interpreter\linkResolver.cpp, line 759]
Event: 27.414 Thread 0x000001ded103d420 Exception <a 'java/lang/NoSuchMethodError'{0x00000000c7113340}: 'java.lang.Object java.lang.invoke.DirectMethodHandle$Holder.newInvokeSpecial(java.lang.Object, java.lang.Object, java.lang.Object, int, java.lang.Object, java.lang.Object)'> (0x00000000c7113340) 
thrown [s\open\src\hotspot\share\interpreter\linkResolver.cpp, line 759]
Event: 27.414 Thread 0x000001ded103ca00 Exception <a 'java/lang/NoSuchMethodError'{0x00000000c7103500}: 'java.lang.Object java.lang.invoke.DirectMethodHandle$Holder.newInvokeSpecial(java.lang.Object, java.lang.Object, java.lang.Object, int, java.lang.Object, java.lang.Object)'> (0x00000000c7103500) 
thrown [s\open\src\hotspot\share\interpreter\linkResolver.cpp, line 759]
Event: 27.414 Thread 0x000001ded103c4f0 Exception <a 'java/lang/NoSuchMethodError'{0x00000000c72cae78}: 'java.lang.Object java.lang.invoke.DirectMethodHandle$Holder.newInvokeSpecial(java.lang.Object, java.lang.Object, java.lang.Object, int, java.lang.Object, java.lang.Object)'> (0x00000000c72cae78) 
thrown [s\open\src\hotspot\share\interpreter\linkResolver.cpp, line 759]
Event: 27.414 Thread 0x000001deca4ed0c0 Exception <a 'java/lang/NoSuchMethodError'{0x00000000c72d5b10}: 'java.lang.Object java.lang.invoke.DirectMethodHandle$Holder.newInvokeSpecial(java.lang.Object, java.lang.Object, java.lang.Object, int, java.lang.Object, java.lang.Object)'> (0x00000000c72d5b10) 
thrown [s\open\src\hotspot\share\interpreter\linkResolver.cpp, line 759]
Event: 27.414 Thread 0x000001ded103cf10 Exception <a 'java/lang/NoSuchMethodError'{0x00000000c72be0e8}: 'java.lang.Object java.lang.invoke.DirectMethodHandle$Holder.newInvokeSpecial(java.lang.Object, java.lang.Object, java.lang.Object, int, java.lang.Object, java.lang.Object)'> (0x00000000c72be0e8) 
thrown [s\open\src\hotspot\share\interpreter\linkResolver.cpp, line 759]
Event: 27.414 Thread 0x000001deca4ead50 Exception <a 'java/lang/NoSuchMethodError'{0x00000000c72e9f80}: 'java.lang.Object java.lang.invoke.DirectMethodHandle$Holder.newInvokeSpecial(java.lang.Object, java.lang.Object, java.lang.Object, int, java.lang.Object, java.lang.Object)'> (0x00000000c72e9f80) 
thrown [s\open\src\hotspot\share\interpreter\linkResolver.cpp, line 759]
Event: 27.415 Thread 0x000001ded103cf10 Exception <a 'java/lang/NoSuchMethodError'{0x00000000c711ea38}: 'java.lang.Object java.lang.invoke.DirectMethodHandle$Holder.invokeSpecial(java.lang.Object, java.lang.Object, java.lang.Object, java.lang.Object, int, java.lang.Object, java.lang.Object)'> (0x00000000c711ea38) 
thrown [s\open\src\hotspot\share\interpreter\linkResolver.cpp, line 759]
Event: 27.415 Thread 0x000001deca4ead50 Exception <a 'java/lang/NoSuchMethodError'{0x00000000c72edfb0}: 'java.lang.Object java.lang.invoke.DirectMethodHandle$Holder.invokeSpecial(java.lang.Object, java.lang.Object, java.lang.Object, java.lang.Object, int, java.lang.Object, java.lang.Object)'> (0x00000000c72edfb0) 
thrown [s\open\src\hotspot\share\interpreter\linkResolver.cpp, line 759]
Event: 27.415 Thread 0x000001ded103c4f0 Exception <a 'java/lang/NoSuchMethodError'{0x00000000c712d148}: 'java.lang.Object java.lang.invoke.DirectMethodHandle$Holder.invokeSpecial(java.lang.Object, java.lang.Object, java.lang.Object, java.lang.Object, int, java.lang.Object, java.lang.Object)'> (0x00000000c712d148) 
thrown [s\open\src\hotspot\share\interpreter\linkResolver.cpp, line 759]
Event: 27.415 Thread 0x000001deca4ed0c0 Exception <a 'java/lang/NoSuchMethodError'{0x00000000c72d9d60}: 'java.lang.Object java.lang.invoke.DirectMethodHandle$Holder.invokeSpecial(java.lang.Object, java.lang.Object, java.lang.Object, java.lang.Object, int, java.lang.Object, java.lang.Object)'> (0x00000000c72d9d60) 
thrown [s\open\src\hotspot\share\interpreter\linkResolver.cpp, line 759]
Event: 27.415 Thread 0x000001ded103ca00 Exception <a 'java/lang/NoSuchMethodError'{0x00000000c7107760}: 'java.lang.Object java.lang.invoke.DirectMethodHandle$Holder.invokeSpecial(java.lang.Object, java.lang.Object, java.lang.Object, java.lang.Object, int, java.lang.Object, java.lang.Object)'> (0x00000000c7107760) 
thrown [s\open\src\hotspot\share\interpreter\linkResolver.cpp, line 759]
Event: 27.415 Thread 0x000001ded103d420 Exception <a 'java/lang/NoSuchMethodError'{0x00000000c7117578}: 'java.lang.Object java.lang.invoke.DirectMethodHandle$Holder.invokeSpecial(java.lang.Object, java.lang.Object, java.lang.Object, java.lang.Object, int, java.lang.Object, java.lang.Object)'> (0x00000000c7117578) 
thrown [s\open\src\hotspot\share\interpreter\linkResolver.cpp, line 759]
Event: 27.416 Thread 0x000001ded103ca00 Exception <a 'java/lang/NoSuchMethodError'{0x00000000c710b018}: 'java.lang.Object java.lang.invoke.Invokers$Holder.linkToTargetMethod(java.lang.Object, java.lang.Object, int, java.lang.Object, java.lang.Object, java.lang.Object)'> (0x00000000c710b018) 
thrown [s\open\src\hotspot\share\interpreter\linkResolver.cpp, line 759]
Event: 27.416 Thread 0x000001ded103d420 Exception <a 'java/lang/NoSuchMethodError'{0x00000000c711ae30}: 'java.lang.Object java.lang.invoke.Invokers$Holder.linkToTargetMethod(java.lang.Object, java.lang.Object, int, java.lang.Object, java.lang.Object, java.lang.Object)'> (0x00000000c711ae30) 
thrown [s\open\src\hotspot\share\interpreter\linkResolver.cpp, line 759]
Event: 27.416 Thread 0x000001deca4ed0c0 Exception <a 'java/lang/NoSuchMethodError'{0x00000000c72dd8a0}: 'java.lang.Object java.lang.invoke.Invokers$Holder.linkToTargetMethod(java.lang.Object, java.lang.Object, int, java.lang.Object, java.lang.Object, java.lang.Object)'> (0x00000000c72dd8a0) 
thrown [s\open\src\hotspot\share\interpreter\linkResolver.cpp, line 759]
Event: 27.416 Thread 0x000001ded103cf10 Exception <a 'java/lang/NoSuchMethodError'{0x00000000c71222c8}: 'java.lang.Object java.lang.invoke.Invokers$Holder.linkToTargetMethod(java.lang.Object, java.lang.Object, int, java.lang.Object, java.lang.Object, java.lang.Object)'> (0x00000000c71222c8) 
thrown [s\open\src\hotspot\share\interpreter\linkResolver.cpp, line 759]
Event: 27.416 Thread 0x000001deca4ead50 Exception <a 'java/lang/NoSuchMethodError'{0x00000000c72f1af0}: 'java.lang.Object java.lang.invoke.Invokers$Holder.linkToTargetMethod(java.lang.Object, java.lang.Object, int, java.lang.Object, java.lang.Object, java.lang.Object)'> (0x00000000c72f1af0) 
thrown [s\open\src\hotspot\share\interpreter\linkResolver.cpp, line 759]
Event: 27.416 Thread 0x000001ded103c4f0 Exception <a 'java/lang/NoSuchMethodError'{0x00000000c7130c88}: 'java.lang.Object java.lang.invoke.Invokers$Holder.linkToTargetMethod(java.lang.Object, java.lang.Object, int, java.lang.Object, java.lang.Object, java.lang.Object)'> (0x00000000c7130c88) 
thrown [s\open\src\hotspot\share\interpreter\linkResolver.cpp, line 759]
Event: 27.465 Thread 0x000001dec9425830 Exception <a 'org/apache/hadoop/io/nativeio/NativeIOException'{0x00000000c70cfc80}> (0x00000000c70cfc80) 
thrown [s\open\src\hotspot\share\prims\jni.cpp, line 516]

VM Operations (20 events):
Event: 26.982 Executing VM operation: ICBufferFull
Event: 26.982 Executing VM operation: ICBufferFull done
Event: 27.022 Executing VM operation: HandshakeAllThreads
Event: 27.022 Executing VM operation: HandshakeAllThreads done
Event: 27.062 Executing VM operation: HandshakeAllThreads
Event: 27.062 Executing VM operation: HandshakeAllThreads done
Event: 27.205 Executing VM operation: G1CollectForAllocation
Event: 27.217 Executing VM operation: G1CollectForAllocation done
Event: 27.261 Executing VM operation: G1Concurrent
Event: 27.267 Executing VM operation: G1Concurrent done
Event: 27.280 Executing VM operation: G1Concurrent
Event: 27.280 Executing VM operation: G1Concurrent done
Event: 27.573 Executing VM operation: HandshakeAllThreads
Event: 27.573 Executing VM operation: HandshakeAllThreads done
Event: 28.573 Executing VM operation: Cleanup
Event: 28.605 Executing VM operation: Cleanup done
Event: 28.615 Executing VM operation: HandshakeAllThreads
Event: 28.615 Executing VM operation: HandshakeAllThreads done
Event: 29.616 Executing VM operation: Cleanup
Event: 29.616 Executing VM operation: Cleanup done

Events (20 events):
Event: 27.511 loading class javax/security/auth/login/Configuration$3
Event: 27.512 loading class javax/security/auth/login/Configuration$3 done
Event: 27.517 Thread 0x000001deca3a3c70 Thread added: 0x000001deca3a3c70
Event: 27.517 Thread 0x000001decc3f8670 Thread added: 0x000001decc3f8670
Event: 27.548 loading class java/nio/file/FileVisitor
Event: 27.548 loading class java/nio/file/FileVisitor done
Event: 27.549 loading class java/nio/BufferUnderflowException
Event: 27.549 loading class java/nio/BufferUnderflowException done
Event: 28.609 loading class javax/net/ssl/KeyManagerFactory
Event: 28.609 loading class javax/net/ssl/KeyManagerFactory done
Event: 28.610 loading class javax/net/ssl/KeyManagerFactory$1
Event: 28.610 loading class javax/net/ssl/KeyManagerFactory$1 done
Event: 28.610 loading class javax/net/ssl/TrustManagerFactory
Event: 28.611 loading class javax/net/ssl/TrustManagerFactory done
Event: 28.611 loading class javax/net/ssl/TrustManagerFactory$1
Event: 28.611 loading class javax/net/ssl/TrustManagerFactory$1 done
Event: 28.612 loading class java/util/concurrent/ConcurrentHashMap$ForEachValueTask
Event: 28.612 loading class java/util/concurrent/ConcurrentHashMap$BulkTask
Event: 28.613 loading class java/util/concurrent/ConcurrentHashMap$BulkTask done
Event: 28.613 loading class java/util/concurrent/ConcurrentHashMap$ForEachValueTask done


Dynamic libraries:
0x00007ff7cd350000 - 0x00007ff7cd360000 	C:\Program Files\Java\jdk-17\bin\java.exe
0x00007ff9b42e0000 - 0x00007ff9b4548000 	C:\WINDOWS\SYSTEM32\ntdll.dll
0x00007ff9b2d40000 - 0x00007ff9b2e09000 	C:\WINDOWS\System32\KERNEL32.DLL
0x00007ff9b1a50000 - 0x00007ff9b1e3d000 	C:\WINDOWS\System32\KERNELBASE.dll
0x00007ff9b15b0000 - 0x00007ff9b16fb000 	C:\WINDOWS\System32\ucrtbase.dll
0x00007ff9907e0000 - 0x00007ff9907f9000 	C:\Program Files\Java\jdk-17\bin\jli.dll
0x00007ff98e070000 - 0x00007ff98e08b000 	C:\Program Files\Java\jdk-17\bin\VCRUNTIME140.dll
0x00007ff9b2780000 - 0x00007ff9b2834000 	C:\WINDOWS\System32\ADVAPI32.dll
0x00007ff9b40c0000 - 0x00007ff9b4169000 	C:\WINDOWS\System32\msvcrt.dll
0x00007ff9b3e30000 - 0x00007ff9b3ed6000 	C:\WINDOWS\System32\sechost.dll
0x00007ff9b24f0000 - 0x00007ff9b2608000 	C:\WINDOWS\System32\RPCRT4.dll
0x00007ff9b2310000 - 0x00007ff9b24dc000 	C:\WINDOWS\System32\USER32.dll
0x00007ff9b1430000 - 0x00007ff9b1457000 	C:\WINDOWS\System32\win32u.dll
0x00007ff99f8d0000 - 0x00007ff99fb6a000 	C:\WINDOWS\WinSxS\amd64_microsoft.windows.common-controls_6595b64144ccf1df_6.0.26100.4484_none_3e0e6d4ce32ef3b3\COMCTL32.dll
0x00007ff9b2840000 - 0x00007ff9b286b000 	C:\WINDOWS\System32\GDI32.dll
0x00007ff9b1700000 - 0x00007ff9b1837000 	C:\WINDOWS\System32\gdi32full.dll
0x00007ff9b1500000 - 0x00007ff9b15a3000 	C:\WINDOWS\System32\msvcp_win.dll
0x00007ff9a9cc0000 - 0x00007ff9a9ccb000 	C:\WINDOWS\SYSTEM32\VERSION.dll
0x00007ff9b4200000 - 0x00007ff9b422f000 	C:\WINDOWS\System32\IMM32.DLL
0x00007ff99be30000 - 0x00007ff99be3c000 	C:\Program Files\Java\jdk-17\bin\vcruntime140_1.dll
0x00007ff983b80000 - 0x00007ff983c0e000 	C:\Program Files\Java\jdk-17\bin\msvcp140.dll
0x00007ff92cea0000 - 0x00007ff92da80000 	C:\Program Files\Java\jdk-17\bin\server\jvm.dll
0x00007ff9b24e0000 - 0x00007ff9b24e8000 	C:\WINDOWS\System32\PSAPI.DLL
0x00007ff9a9c80000 - 0x00007ff9a9cb5000 	C:\WINDOWS\SYSTEM32\WINMM.dll
0x00007ff99d920000 - 0x00007ff99d92a000 	C:\WINDOWS\SYSTEM32\WSOCK32.dll
0x00007ff9b2cc0000 - 0x00007ff9b2d34000 	C:\WINDOWS\System32\WS2_32.dll
0x00007ff9b0190000 - 0x00007ff9b01ab000 	C:\WINDOWS\SYSTEM32\kernel.appcore.dll
0x00007ff999020000 - 0x00007ff99902a000 	C:\Program Files\Java\jdk-17\bin\jimage.dll
0x00007ff9a68b0000 - 0x00007ff9a6af1000 	C:\WINDOWS\SYSTEM32\DBGHELP.DLL
0x00007ff9b2880000 - 0x00007ff9b2c06000 	C:\WINDOWS\System32\combase.dll
0x00007ff9b2220000 - 0x00007ff9b2300000 	C:\WINDOWS\System32\OLEAUT32.dll
0x00007ff9a3d30000 - 0x00007ff9a3d73000 	C:\WINDOWS\SYSTEM32\dbgcore.DLL
0x00007ff9b1460000 - 0x00007ff9b14f9000 	C:\WINDOWS\System32\bcryptPrimitives.dll
0x00007ff98a810000 - 0x00007ff98a835000 	C:\Program Files\Java\jdk-17\bin\java.dll
0x00007ff96b440000 - 0x00007ff96b517000 	C:\Program Files\Java\jdk-17\bin\jsvml.dll
0x00007ff9b3020000 - 0x00007ff9b376a000 	C:\WINDOWS\System32\SHELL32.dll
0x00007ff9b1e40000 - 0x00007ff9b1fb4000 	C:\WINDOWS\System32\wintypes.dll
0x00007ff9af050000 - 0x00007ff9af8ab000 	C:\WINDOWS\SYSTEM32\windows.storage.dll
0x00007ff9b3c80000 - 0x00007ff9b3d75000 	C:\WINDOWS\System32\SHCORE.dll
0x00007ff9b2c50000 - 0x00007ff9b2cba000 	C:\WINDOWS\System32\shlwapi.dll
0x00007ff9b1340000 - 0x00007ff9b136f000 	C:\WINDOWS\SYSTEM32\profapi.dll
0x00007ff98e050000 - 0x00007ff98e069000 	C:\Program Files\Java\jdk-17\bin\net.dll
0x00007ff9aa280000 - 0x00007ff9aa39e000 	C:\WINDOWS\SYSTEM32\WINHTTP.dll
0x00007ff9b0700000 - 0x00007ff9b076a000 	C:\WINDOWS\system32\mswsock.dll
0x00007ff98c100000 - 0x00007ff98c116000 	C:\Program Files\Java\jdk-17\bin\nio.dll
0x00007ff98a300000 - 0x00007ff98a318000 	C:\Program Files\Java\jdk-17\bin\zip.dll
0x00007ff998da0000 - 0x00007ff998daa000 	C:\Program Files\Java\jdk-17\bin\management.dll
0x00007ff9970e0000 - 0x00007ff9970eb000 	C:\Program Files\Java\jdk-17\bin\management_ext.dll
0x00007ff9942b0000 - 0x00007ff9942c8000 	C:\WINDOWS\system32\napinsp.dll
0x00007ff9afbe0000 - 0x00007ff9afd06000 	C:\WINDOWS\SYSTEM32\DNSAPI.dll
0x00007ff9afba0000 - 0x00007ff9afbd3000 	C:\WINDOWS\SYSTEM32\IPHLPAPI.DLL
0x00007ff9b4290000 - 0x00007ff9b429a000 	C:\WINDOWS\System32\NSI.dll
0x00007ff994290000 - 0x00007ff9942a2000 	C:\WINDOWS\System32\winrnr.dll
0x00007ff989880000 - 0x00007ff9898b0000 	C:\WINDOWS\system32\nlansp_c.dll
0x00007ff98fdd0000 - 0x00007ff98fdf0000 	C:\WINDOWS\system32\wshbth.dll
0x00007ff9a23f0000 - 0x00007ff9a23fb000 	C:\Windows\System32\rasadhlp.dll
0x00007ff9a7640000 - 0x00007ff9a76c6000 	C:\WINDOWS\System32\fwpuclnt.dll
0x00007ff9b0ae0000 - 0x00007ff9b0afb000 	C:\WINDOWS\SYSTEM32\CRYPTSP.dll
0x00007ff9b00f0000 - 0x00007ff9b012b000 	C:\WINDOWS\system32\rsaenh.dll
0x00007ff9b07a0000 - 0x00007ff9b07cb000 	C:\WINDOWS\SYSTEM32\USERENV.dll
0x00007ff9b1310000 - 0x00007ff9b1336000 	C:\WINDOWS\SYSTEM32\bcrypt.dll
0x00007ff9b0940000 - 0x00007ff9b094c000 	C:\WINDOWS\SYSTEM32\CRYPTBASE.dll
0x00007ff9aa090000 - 0x00007ff9aa0af000 	C:\WINDOWS\SYSTEM32\dhcpcsvc6.DLL
0x00007ff9aa060000 - 0x00007ff9aa085000 	C:\WINDOWS\SYSTEM32\dhcpcsvc.DLL
0x00007ff997070000 - 0x00007ff997080000 	C:\Program Files\Java\jdk-17\bin\verify.dll
0x00007ff9888f0000 - 0x00007ff98890a000 	C:\hadoop\bin\hadoop.dll
0x00007ff9afd60000 - 0x00007ff9afdb0000 	C:\WINDOWS\SYSTEM32\AUTHZ.dll
0x00000000559a0000 - 0x0000000055a72000 	C:\WINDOWS\SYSTEM32\MSVCR100.dll
0x00007ff994520000 - 0x00007ff99453a000 	C:\WINDOWS\SYSTEM32\NETAPI32.dll
0x00007ff9afb90000 - 0x00007ff9afb9d000 	C:\WINDOWS\SYSTEM32\NETUTILS.DLL
0x00007ff9afb40000 - 0x00007ff9afb5b000 	C:\WINDOWS\SYSTEM32\SAMCLI.DLL
0x00007ff9961b0000 - 0x00007ff9961b9000 	C:\Program Files\Java\jdk-17\bin\jaas.dll
0x00007ff98a2f0000 - 0x00007ff98a2fe000 	C:\Program Files\Java\jdk-17\bin\sunmscapi.dll
0x00007ff9b18d0000 - 0x00007ff9b1a47000 	C:\WINDOWS\System32\CRYPT32.dll
0x00007ff9b0c30000 - 0x00007ff9b0c60000 	C:\WINDOWS\SYSTEM32\ncrypt.dll
0x00007ff9b0be0000 - 0x00007ff9b0c1f000 	C:\WINDOWS\SYSTEM32\NTASN1.dll
0x00007ff99c930000 - 0x00007ff99c938000 	C:\WINDOWS\system32\wshunix.dll
0x00007ff9b02c0000 - 0x00007ff9b02f6000 	C:\WINDOWS\SYSTEM32\ntmarta.dll

dbghelp: loaded successfully - version: 4.0.5 - missing functions: none
symbol engine: initialized successfully - sym options: 0x614 - pdb path: .;C:\Program Files\Java\jdk-17\bin;C:\WINDOWS\SYSTEM32;C:\WINDOWS\WinSxS\amd64_microsoft.windows.common-controls_6595b64144ccf1df_6.0.26100.4484_none_3e0e6d4ce32ef3b3;C:\Program Files\Java\jdk-17\bin\server;C:\hadoop\bin

VM Arguments:
jvm_args: -Xmx1g -XX:+IgnoreUnrecognizedVMOptions --add-modules=jdk.incubator.vector --add-opens=java.base/java.lang=ALL-UNNAMED --add-opens=java.base/java.lang.invoke=ALL-UNNAMED --add-opens=java.base/java.lang.reflect=ALL-UNNAMED --add-opens=java.base/java.io=ALL-UNNAMED --add-opens=java.base/java.net=ALL-UNNAMED --add-opens=java.base/java.nio=ALL-UNNAMED --add-opens=java.base/java.util=ALL-UNNAMED --add-opens=java.base/java.util.concurrent=ALL-UNNAMED --add-opens=java.base/java.util.concurrent.atomic=ALL-UNNAMED --add-opens=java.base/jdk.internal.ref=ALL-UNNAMED --add-opens=java.base/sun.nio.ch=ALL-UNNAMED --add-opens=java.base/sun.nio.cs=ALL-UNNAMED --add-opens=java.base/sun.security.action=ALL-UNNAMED --add-opens=java.base/sun.util.calendar=ALL-UNNAMED --add-opens=java.security.jgss/sun.security.krb5=ALL-UNNAMED -Djdk.reflect.useDirectMethodHandle=false -Dio.netty.tryReflectionSetAccessible=true -Dderby.connection.requireAuthentication=false 
java_command: org.apache.spark.deploy.SparkSubmit --conf spark.jars.packages=org.apache.spark:spark-sql-kafka-0-10_2.13:3.5.1 --conf spark.app.name=KafkaToPostgres --conf spark.jars=C:\Users\Lenovo\Desktop\data platform project\postgresql-42.7.7.jar pyspark-shell
java_class_path (initial): hive-jackson/*;C:\Users\Lenovo\AppData\Local\Packages\PythonSoftwareFoundation.Python.3.11_qbz5n2kfra8p0\LocalCache\local-packages\Python311\site-packages\pyspark\bin\..\conf;C:\Users\Lenovo\AppData\Local\Packages\PythonSoftwareFoundation.Python.3.11_qbz5n2kfra8p0\LocalCache\local-packages\Python311\site-packages\pyspark\bin\..\jars\slf4j-api-2.0.16.jar;C:\Users\Lenovo\AppData\Local\Packages\PythonSoftwareFoundation.Python.3.11_qbz5n2kfra8p0\LocalCache\local-packages\Python311\site-packages\pyspark\bin\..\jars\aircompressor-2.0.2.jar;C:\Users\Lenovo\AppData\Local\Packages\PythonSoftwareFoundation.Python.3.11_qbz5n2kfra8p0\LocalCache\local-packages\Python311\site-packages\pyspark\bin\..\jars\algebra_2.13-2.8.0.jar;C:\Users\Lenovo\AppData\Local\Packages\PythonSoftwareFoundation.Python.3.11_qbz5n2kfra8p0\LocalCache\local-packages\Python311\site-packages\pyspark\bin\..\jars\annotations-17.0.0.jar;C:\Users\Lenovo\AppData\Local\Packages\PythonSoftwareFoundation.Python.3.11_qbz5n2kfra8p0\LocalCache\local-packages\Python311\site-packages\pyspark\bin\..\jars\antlr-runtime-3.5.2.jar;C:\Users\Lenovo\AppData\Local\Packages\PythonSoftwareFoundation.Python.3.11_qbz5n2kfra8p0\LocalCache\local-packages\Python311\site-packages\pyspark\bin\..\jars\antlr4-runtime-4.13.1.jar;C:\Users\Lenovo\AppData\Local\Packages\PythonSoftwareFoundation.Python.3.11_qbz5n2kfra8p0\LocalCache\local-packages\Python311\site-packages\pyspark\bin\..\jars\aopalliance-repackaged-3.0.6.jar;C:\Users\Lenovo\AppData\Local\Packages\PythonSoftwareFoundation.Python.3.11_qbz5n2kfra8p0\LocalCache\local-packages\Python311\site-packages\pyspark\bin\..\jars\arpack-3.0.3.jar;C:\Users\Lenovo\AppData\Local\Packages\PythonSoftwareFoundation.Python.3.11_qbz5n2kfra8p0\LocalCache\local-packages\Python311\site-packages\pyspark\bin\..\jars\arpack_combined_all-0.1.jar;C:\Users\Lenovo\AppData\Local\Packages\PythonSoftwareFoundation.Python.3.11_qbz5n2kfra8p0\LocalCache\local-packages\Python311\site-packag
Launcher Type: SUN_STANDARD

[Global flags]
     intx CICompilerCount                          = 12                                        {product} {ergonomic}
     uint ConcGCThreads                            = 3                                         {product} {ergonomic}
     uint G1ConcRefinementThreads                  = 13                                        {product} {ergonomic}
   size_t G1HeapRegionSize                         = 1048576                                   {product} {ergonomic}
    uintx GCDrainStackTargetSize                   = 64                                        {product} {ergonomic}
     bool IgnoreUnrecognizedVMOptions              = true                                      {product} {command line}
   size_t InitialHeapSize                          = 98566144                                  {product} {ergonomic}
   size_t MarkStackSize                            = 4194304                                   {product} {ergonomic}
   size_t MaxHeapSize                              = 1073741824                                {product} {command line}
   size_t MaxNewSize                               = 643825664                                 {product} {ergonomic}
   size_t MinHeapDeltaBytes                        = 1048576                                   {product} {ergonomic}
   size_t MinHeapSize                              = 8388608                                   {product} {ergonomic}
    uintx NonNMethodCodeHeapSize                   = 7602480                                {pd product} {ergonomic}
    uintx NonProfiledCodeHeapSize                  = 122027880                              {pd product} {ergonomic}
    uintx ProfiledCodeHeapSize                     = 122027880                              {pd product} {ergonomic}
    uintx ReservedCodeCacheSize                    = 251658240                              {pd product} {ergonomic}
     bool SegmentedCodeCache                       = true                                      {product} {ergonomic}
   size_t SoftMaxHeapSize                          = 1073741824                             {manageable} {ergonomic}
     bool UseCompressedClassPointers               = true                           {product lp64_product} {ergonomic}
     bool UseCompressedOops                        = true                           {product lp64_product} {ergonomic}
     bool UseG1GC                                  = true                                      {product} {ergonomic}
     bool UseLargePagesIndividualAllocation        = false                                  {pd product} {ergonomic}

Logging:
Log output configuration:
 #0: stdout all=warning uptime,level,tags
 #1: stderr all=off uptime,level,tags

Environment Variables:
JAVA_HOME=C:\Program Files\Java\jdk-17
PATH=C:\Program Files\Common Files\Oracle\Java\javapath;C:\WINDOWS\system32;C:\WINDOWS;C:\WINDOWS\System32\Wbem;C:\WINDOWS\System32\WindowsPowerShell\v1.0\;C:\WINDOWS\System32\OpenSSH\;C:\Program Files\Microsoft SQL Server\120\Tools\Binn\;C:\Program Files\Common Files\Autodesk Shared\;C:\Program Files\dotnet\;C:\Program Files\Microsoft SQL Server\150\Tools\Binn\;C:\Users\Lenovo\AppData\Local\Packages\PythonSoftwareFoundation.Python.3.11_qbz5n2kfra8p0\LocalCache\local-packages\Python311\Scripts;C:\Program Files\Docker\Docker\resources\bin;C:\Program Files\Git\cmd;C:\Program Files (x86)\Microsoft SQL Server\160\Tools\Binn\;C:\Program Files\Microsoft SQL Server\160\Tools\Binn\;C:\Program Files\Microsoft SQL Server\Client SDK\ODBC\170\Tools\Binn\;C:\Program Files\Microsoft SQL Server\160\DTS\Binn\;C:\Program Files\Java\jdk-17\bin;C:\hadoop\bin;C:\Users\Lenovo\AppData\Local\Microsoft\WindowsApps;C:\Users\Lenovo\AppData\Local\Programs\Microsoft VS Code\bin;;c:\Users\Lenovo\.vscode\extensions\ms-python.debugpy-2025.10.0-win32-x64\bundled\scripts\noConfigScripts
USERNAME=asus
LANG=en_US.UTF-8
OS=Windows_NT
PROCESSOR_IDENTIFIER=AMD64 Family 23 Model 104 Stepping 1, AuthenticAMD



---------------  S Y S T E M  ---------------

OS:
 Windows 11 , 64 bit Build 26100 (10.0.26100.4484)
OS uptime: 0 days 2:41 hours
Hyper-V role detected

CPU: total 16 (initial active 16) (16 cores per cpu, 2 threads per core) family 23 model 104 stepping 1 microcode 0x8608103, cx8, cmov, fxsr, ht, mmx, 3dnowpref, sse, sse2, sse3, ssse3, sse4a, sse4.1, sse4.2, popcnt, lzcnt, tsc, tscinvbit, avx, avx2, aes, clmul, bmi1, bmi2, adx, sha, fma, vzeroupper, clflush, clflushopt, hv

Memory: 4k page, system-wide physical 5989M (114M free)
TotalPageFile size 22239M (AvailPageFile size 4M)
current process WorkingSet (physical memory assigned to process): 355M, peak: 364M
current process commit charge ("private bytes"): 444M, peak: 444M

vm_info: Java HotSpot(TM) 64-Bit Server VM (17.0.12+8-LTS-286) for windows-amd64 JRE (17.0.12+8-LTS-286), built on Jun  5 2024 06:46:59 by "mach5one" with MS VC++ 17.6 (VS2022)

END.
